#
# There is insufficient memory for the Java Runtime Environment to continue.
# Native memory allocation (mmap) failed to map 706740224 bytes for Failed to commit area from 0x0000000096b00000 to 0x00000000c0d00000 of length 706740224.
# Possible reasons:
#   The system is out of physical RAM or swap space
#   The process is running with CompressedOops enabled, and the Java Heap may be blocking the growth of the native heap
# Possible solutions:
#   Reduce memory load on the system
#   Increase physical memory or swap space
#   Check if swap backing store is full
#   Decrease Java heap size (-Xmx/-Xms)
#   Decrease number of Java threads
#   Decrease Java thread stack sizes (-Xss)
#   Set larger code cache with -XX:ReservedCodeCacheSize=
#   JVM is running with Unscaled Compressed Oops mode in which the Java heap is
#     placed in the first 4GB address space. The Java Heap base address is the
#     maximum limit for the native heap growth. Please use -XX:HeapBaseMinAddress
#     to set the Java Heap base and to place the Java Heap above 4GB virtual address.
# This output file may be truncated or incomplete.
#
#  Out of Memory Error (./src/hotspot/os/windows/os_windows.cpp:3301), pid=976, tid=1672
#
# JRE version: OpenJDK Runtime Environment (11.0.10) (build 11.0.10+0-b96-7249189)
# Java VM: OpenJDK 64-Bit Server VM (11.0.10+0-b96-7249189, mixed mode, tiered, compressed oops, g1 gc, windows-amd64)
# No core dump will be written. Minidumps are not enabled by default on client versions of Windows
#

---------------  S U M M A R Y ------------

Command Line: --add-opens=java.base/java.util=ALL-UNNAMED --add-opens=java.base/java.lang=ALL-UNNAMED --add-opens=java.base/java.lang.invoke=ALL-UNNAMED --add-opens=java.base/java.util=ALL-UNNAMED --add-opens=java.prefs/java.util.prefs=ALL-UNNAMED --add-opens=java.prefs/java.util.prefs=ALL-UNNAMED --add-opens=java.base/java.nio.charset=ALL-UNNAMED --add-opens=java.base/java.net=ALL-UNNAMED --add-opens=java.base/java.util.concurrent.atomic=ALL-UNNAMED -Xmx2048m -Dfile.encoding=UTF-8 -Duser.country=IN -Duser.language=en -Duser.variant org.gradle.launcher.daemon.bootstrap.GradleDaemon 7.0.2

Host: Intel(R) Pentium(R) CPU G2020 @ 2.90GHz, 2 cores, 3G,  Windows 7 , 64 bit Build 7601 (6.1.7601.23796)
Time: Wed May 25 01:05:12 2022 India Standard Time elapsed time: 1626.268299 seconds (0d 0h 27m 6s)

---------------  T H R E A D  ---------------

Current thread (0x000000005d599800):  VMThread "VM Thread" [stack: 0x000000005d7a0000,0x000000005d8a0000] [id=1672]

Stack: [0x000000005d7a0000,0x000000005d8a0000]
[error occurred during error reporting (printing stack bounds), id 0xc0000005, EXCEPTION_ACCESS_VIOLATION (0xc0000005) at pc=0x00000000060a0f3d]

Native frames: (J=compiled Java code, j=interpreted, Vv=VM code, C=native code)
V  [jvm.dll+0x5ecfaa]
V  [jvm.dll+0x722bd5]
V  [jvm.dll+0x72412d]
V  [jvm.dll+0x724745]
V  [jvm.dll+0x7246fb]
V  [jvm.dll+0x5ec348]
V  [jvm.dll+0x5ecad8]
C  [ntdll.dll+0x2812d]
C  [ntdll.dll+0x1855f]
C  [ntdll.dll+0x4bcb8]
C  0x00000000060a0f3d

VM_Operation (0x00000000711dd550): G1CollectForAllocation, mode: safepoint, requested by thread 0x000000005fb8b000


---------------  P R O C E S S  ---------------

Threads class SMR info:
_java_thread_list=0x000000006b4b5800, length=52, elements={
0x0000000000101000, 0x000000005d59d000, 0x000000005d5a6800, 0x000000005d5b5800,
0x000000005d5b8800, 0x000000005d5b9800, 0x000000005d5c0000, 0x000000005d5c1800,
0x000000005d5c4000, 0x000000005e420800, 0x0000000060db5800, 0x000000005fb85000,
0x000000005fc53800, 0x0000000060ee6000, 0x0000000060ee7000, 0x0000000060ee7800,
0x000000005fb88000, 0x000000005fb88800, 0x000000005fb89800, 0x000000005fb8a800,
0x000000005fb8d800, 0x000000006127e800, 0x000000006233d000, 0x000000006789d000,
0x00000000678a1000, 0x0000000060ee5000, 0x00000000678a2800, 0x00000000678a1800,
0x000000006789c000, 0x0000000069ab7000, 0x0000000069ab7800, 0x0000000069ab6000,
0x0000000069aba000, 0x0000000069ab9800, 0x0000000069abc800, 0x0000000069ab8800,
0x0000000062341800, 0x000000006233b000, 0x0000000062340000, 0x0000000062341000,
0x000000006233f800, 0x000000005fb8c000, 0x000000005fb8d000, 0x000000005fb8b000,
0x000000005fb87000, 0x0000000061281800, 0x0000000061283800, 0x0000000061282800,
0x0000000068011000, 0x0000000068012000, 0x0000000069abc000, 0x0000000068013000
}

Java Threads: ( => current thread )
  0x0000000000101000 JavaThread "main" [_thread_blocked, id=4124, stack(0x00000000022c0000,0x00000000023c0000)]
  0x000000005d59d000 JavaThread "Reference Handler" daemon [_thread_blocked, id=4564, stack(0x000000001ca90000,0x000000001cb90000)]
  0x000000005d5a6800 JavaThread "Finalizer" daemon [_thread_blocked, id=684, stack(0x000000005d8c0000,0x000000005d9c0000)]
  0x000000005d5b5800 JavaThread "Signal Dispatcher" daemon [_thread_blocked, id=4880, stack(0x000000005da60000,0x000000005db60000)]
  0x000000005d5b8800 JavaThread "Attach Listener" daemon [_thread_blocked, id=2924, stack(0x000000005dbc0000,0x000000005dcc0000)]
  0x000000005d5b9800 JavaThread "Service Thread" daemon [_thread_blocked, id=2904, stack(0x000000005de20000,0x000000005df20000)]
  0x000000005d5c0000 JavaThread "C2 CompilerThread0" daemon [_thread_blocked, id=4680, stack(0x000000005e0a0000,0x000000005e1a0000)]
  0x000000005d5c1800 JavaThread "C1 CompilerThread0" daemon [_thread_blocked, id=4340, stack(0x000000005e290000,0x000000005e390000)]
  0x000000005d5c4000 JavaThread "Sweeper thread" daemon [_thread_blocked, id=1316, stack(0x000000005df20000,0x000000005e020000)]
  0x000000005e420800 JavaThread "Common-Cleaner" daemon [_thread_blocked, id=3428, stack(0x000000005e840000,0x000000005e940000)]
  0x0000000060db5800 JavaThread "Daemon health stats" [_thread_blocked, id=5992, stack(0x00000000629c0000,0x0000000062ac0000)]
  0x000000005fb85000 JavaThread "Incoming local TCP Connector on port 51107" [_thread_in_native, id=5416, stack(0x0000000062d80000,0x0000000062e80000)]
  0x000000005fc53800 JavaThread "Daemon periodic checks" [_thread_blocked, id=4836, stack(0x00000000631e0000,0x00000000632e0000)]
  0x0000000060ee6000 JavaThread "Cache worker for file hash cache (D:\AKA_MOVIES\DropUp\gradle\caches\7.0.2\fileHashes)" [_thread_blocked, id=5304, stack(0x0000000063fa0000,0x00000000640a0000)]
  0x0000000060ee7000 JavaThread "File lock request listener" [_thread_in_native, id=2276, stack(0x00000000637a0000,0x00000000638a0000)]
  0x0000000060ee7800 JavaThread "Cache worker for journal cache (D:\AKA_MOVIES\DropUp\gradle\caches\journal-1)" [_thread_blocked, id=1384, stack(0x00000000642a0000,0x00000000643a0000)]
  0x000000005fb88000 JavaThread "File watcher server" daemon [_thread_blocked, id=4796, stack(0x0000000064730000,0x0000000064830000)]
  0x000000005fb88800 JavaThread "File watcher consumer" daemon [_thread_blocked, id=2512, stack(0x0000000064860000,0x0000000064960000)]
  0x000000005fb89800 JavaThread "jar transforms" [_thread_blocked, id=1284, stack(0x0000000064b80000,0x0000000064c80000)]
  0x000000005fb8a800 JavaThread "jar transforms Thread 2" [_thread_blocked, id=2684, stack(0x0000000064ce0000,0x0000000064de0000)]
  0x000000005fb8d800 JavaThread "Cache worker for execution history cache (D:\AKA_MOVIES\DropUp\gradle\caches\7.0.2\executionHistory)" [_thread_blocked, id=4288, stack(0x0000000065510000,0x0000000065610000)]
  0x000000006127e800 JavaThread "Cache worker for file content cache (D:\AKA_MOVIES\DropUp\gradle\caches\7.0.2\fileContent)" [_thread_blocked, id=5284, stack(0x0000000065f90000,0x0000000066090000)]
  0x000000006233d000 JavaThread "Memory manager" [_thread_blocked, id=3132, stack(0x0000000068910000,0x0000000068a10000)]
  0x000000006789d000 JavaThread "Cache worker for Java compile cache (D:\AKA_MOVIES\DropUp\gradle\caches\7.0.2\javaCompile)" [_thread_blocked, id=2080, stack(0x000000006e540000,0x000000006e640000)]
  0x00000000678a1000 JavaThread "ForkJoinPool.commonPool-worker-1" daemon [_thread_blocked, id=4584, stack(0x000000006fdd0000,0x000000006fed0000)]
  0x0000000060ee5000 JavaThread "Daemon Thread 5" [_thread_blocked, id=5596, stack(0x0000000063080000,0x0000000063180000)]
  0x00000000678a2800 JavaThread "Handler for socket connection from /127.0.0.1:51107 to /127.0.0.1:51331" [_thread_in_native, id=5924, stack(0x0000000063370000,0x0000000063470000)]
  0x00000000678a1800 JavaThread "Cancel handler" [_thread_blocked, id=5176, stack(0x0000000063630000,0x0000000063730000)]
  0x000000006789c000 JavaThread "Daemon worker Thread 5" [_thread_blocked, id=4508, stack(0x00000000639b0000,0x0000000063ab0000)]
  0x0000000069ab7000 JavaThread "Asynchronous log dispatcher for DefaultDaemonConnection: socket connection from /127.0.0.1:51107 to /127.0.0.1:51331" [_thread_blocked, id=4404, stack(0x00000000634a0000,0x00000000635a0000)]
  0x0000000069ab7800 JavaThread "Daemon client event forwarder" [_thread_blocked, id=6004, stack(0x00000000638a0000,0x00000000639a0000)]
  0x0000000069ab6000 JavaThread "Cache worker for file hash cache (D:\DrCircle\.gradle\7.0.2\fileHashes)" [_thread_blocked, id=5268, stack(0x0000000063ac0000,0x0000000063bc0000)]
  0x0000000069aba000 JavaThread "Cache worker for checksums cache (D:\DrCircle\.gradle\checksums)" [_thread_blocked, id=4720, stack(0x0000000063e20000,0x0000000063f20000)]
  0x0000000069ab9800 JavaThread "Cache worker for cache directory md-supplier (D:\AKA_MOVIES\DropUp\gradle\caches\7.0.2\md-supplier)" [_thread_blocked, id=5720, stack(0x0000000064f40000,0x0000000065040000)]
  0x0000000069abc800 JavaThread "Cache worker for cache directory md-rule (D:\AKA_MOVIES\DropUp\gradle\caches\7.0.2\md-rule)" [_thread_blocked, id=4652, stack(0x0000000065e40000,0x0000000065f40000)]
  0x0000000069ab8800 JavaThread "Cache worker for dependencies-accessors (D:\DrCircle\.gradle\7.0.2\dependencies-accessors)" [_thread_blocked, id=4868, stack(0x0000000065100000,0x0000000065200000)]
  0x0000000062341800 JavaThread "Cache worker for Build Output Cleanup Cache (D:\DrCircle\.gradle\buildOutputCleanup)" [_thread_blocked, id=1792, stack(0x0000000064630000,0x0000000064730000)]
  0x000000006233b000 JavaThread "Build operations" [_thread_blocked, id=4616, stack(0x0000000066690000,0x0000000066790000)]
  0x0000000062340000 JavaThread "Build operations Thread 2" [_thread_blocked, id=4676, stack(0x000000006d600000,0x000000006d700000)]
  0x0000000062341000 JavaThread "build event listener" [_thread_blocked, id=4212, stack(0x0000000068520000,0x0000000068620000)]
  0x000000006233f800 JavaThread "Execution worker for ':'" [_thread_blocked, id=6036, stack(0x0000000066a30000,0x0000000066b30000)]
  0x000000005fb8c000 JavaThread "Cache worker for execution history cache (D:\DrCircle\.gradle\7.0.2\executionHistory)" [_thread_blocked, id=5364, stack(0x0000000066fe0000,0x00000000670e0000)]
  0x000000005fb8d000 JavaThread "WorkerExecutor Queue" [_thread_blocked, id=4904, stack(0x000000006e440000,0x000000006e540000)]
  0x000000005fb8b000 JavaThread "WorkerExecutor Queue Thread 2" [_thread_blocked, id=4100, stack(0x00000000710e0000,0x00000000711e0000)]
  0x000000005fb87000 JavaThread "pool-13-thread-1" [_thread_blocked, id=4304, stack(0x000000006f1b0000,0x000000006f2b0000)]
  0x0000000061281800 JavaThread "stderr" [_thread_in_native, id=5488, stack(0x000000006ec50000,0x000000006ed50000)]
  0x0000000061283800 JavaThread "stdout" [_thread_in_native, id=4764, stack(0x000000006fcc0000,0x000000006fdc0000)]
  0x0000000061282800 JavaThread "stderr" [_thread_in_native, id=5916, stack(0x0000000072bf0000,0x0000000072cf0000)]
  0x0000000068011000 JavaThread "stdout" [_thread_in_native, id=6048, stack(0x000000006d060000,0x000000006d160000)]
  0x0000000068012000 JavaThread "Cache worker for Java compile cache (D:\DrCircle\.gradle\7.0.2\javaCompile)" [_thread_blocked, id=4184, stack(0x0000000072e40000,0x0000000072f40000)]
  0x0000000069abc000 JavaThread "ForkJoinPool-3-worker-3" daemon [_thread_blocked, id=3992, stack(0x0000000073170000,0x0000000073270000)]
  0x0000000068013000 JavaThread "ForkJoinPool-3-worker-1" daemon [_thread_blocked, id=1840, stack(0x0000000064e20000,0x0000000064f20000)]

Other Threads:
=>0x000000005d599800 VMThread "VM Thread" [stack: 0x000000005d7a0000,0x000000005d8a0000] [id=1672]
  0x000000005e421800 WatcherThread [stack: 0x000000005eab0000,0x000000005ebb0000] [id=5980]
  0x000000000011a800 GCTaskThread "GC Thread#0" [stack: 0x0000000015420000,0x0000000015520000] [id=5076]
  0x000000005e54e800 GCTaskThread "GC Thread#1" [stack: 0x000000005ec80000,0x000000005ed80000] [id=5872]
  0x000000000014b800 ConcurrentGCThread "G1 Main Marker" [stack: 0x000000001a2e0000,0x000000001a3e0000] [id=4748]
  0x000000000014c800 ConcurrentGCThread "G1 Conc#0" [stack: 0x000000001a580000,0x000000001a680000] [id=5592]
  0x000000000019c000 ConcurrentGCThread "G1 Refine#0" [stack: 0x000000001c880000,0x000000001c980000] [id=6000]
  0x000000000019d000 ConcurrentGCThread "G1 Young RemSet Sampling" [stack: 0x000000001cbc0000,0x000000001ccc0000] [id=3884]

Threads with active compile tasks:
C2 CompilerThread01627317 26358       4       com.android.tools.r8.utils.V$$Lambda$1546/0x000000001dd3c840::accept (21 bytes)

VM state:at safepoint (normal execution)

VM Mutex/Monitor currently owned by a thread:  ([mutex/lock_event])
[0x00000000000fe210] Threads_lock - owner thread: 0x000000005d599800
[0x00000000000fe9f0] Heap_lock - owner thread: 0x000000005fb8b000

Heap address: 0x0000000080000000, size: 2048 MB, Compressed Oops mode: 32-bit
Narrow klass base: 0x0000000000000000, Narrow klass shift: 0
Compressed class space size: 1073741824 Address: 0x000000001ccc0000

Heap:
 garbage-first heap   total 1061888K, used 203264K [0x0000000080000000, 0x0000000100000000)
  region size 1024K, 2 young (2048K), 2 survivors (2048K)
 Metaspace       used 147014K, capacity 151634K, committed 151808K, reserved 1181696K
  class space    used 18318K, capacity 19938K, committed 19968K, reserved 1048576K
Heap Regions: E=young(eden), S=young(survivor), O=old, HS=humongous(starts), HC=humongous(continues), CS=collection set, F=free, A=archive, TAMS=top-at-mark-start (previous, next)
|   0|0x0000000080000000, 0x0000000080100000, 0x0000000080100000|100%| O|  |TAMS 0x0000000080100000, 0x0000000080000000| Updating 
|   1|0x0000000080100000, 0x0000000080200000, 0x0000000080200000|100%| O|  |TAMS 0x0000000080200000, 0x0000000080100000| Updating 
|   2|0x0000000080200000, 0x0000000080300000, 0x0000000080300000|100%| O|  |TAMS 0x0000000080300000, 0x0000000080200000| Updating 
|   3|0x0000000080300000, 0x0000000080400000, 0x0000000080400000|100%| O|  |TAMS 0x0000000080400000, 0x0000000080300000| Updating 
|   4|0x0000000080400000, 0x0000000080500000, 0x0000000080500000|100%|HS|  |TAMS 0x0000000080500000, 0x0000000080400000| Complete 
|   5|0x0000000080500000, 0x0000000080600000, 0x0000000080600000|100%|HC|  |TAMS 0x0000000080600000, 0x0000000080500000| Complete 
|   6|0x0000000080600000, 0x0000000080700000, 0x0000000080700000|100%|HC|  |TAMS 0x0000000080700000, 0x0000000080600000| Complete 
|   7|0x0000000080700000, 0x0000000080800000, 0x0000000080800000|100%| O|  |TAMS 0x0000000080800000, 0x0000000080700000| Updating 
|   8|0x0000000080800000, 0x0000000080900000, 0x0000000080900000|100%| O|  |TAMS 0x0000000080900000, 0x0000000080800000| Updating 
|   9|0x0000000080900000, 0x0000000080a00000, 0x0000000080a00000|100%| O|  |TAMS 0x0000000080a00000, 0x0000000080900000| Updating 
|  10|0x0000000080a00000, 0x0000000080b00000, 0x0000000080b00000|100%| O|  |TAMS 0x0000000080b00000, 0x0000000080a00000| Updating 
|  11|0x0000000080b00000, 0x0000000080c00000, 0x0000000080c00000|100%| O|  |TAMS 0x0000000080c00000, 0x0000000080b00000| Updating 
|  12|0x0000000080c00000, 0x0000000080d00000, 0x0000000080d00000|100%| O|  |TAMS 0x0000000080d00000, 0x0000000080c00000| Updating 
|  13|0x0000000080d00000, 0x0000000080e00000, 0x0000000080e00000|100%| O|  |TAMS 0x0000000080e00000, 0x0000000080d00000| Updating 
|  14|0x0000000080e00000, 0x0000000080f00000, 0x0000000080f00000|100%| O|  |TAMS 0x0000000080f00000, 0x0000000080e00000| Updating 
|  15|0x0000000080f00000, 0x0000000081000000, 0x0000000081000000|100%| O|  |TAMS 0x0000000081000000, 0x0000000080f00000| Updating 
|  16|0x0000000081000000, 0x0000000081100000, 0x0000000081100000|100%| O|  |TAMS 0x0000000081100000, 0x0000000081000000| Updating 
|  17|0x0000000081100000, 0x0000000081200000, 0x0000000081200000|100%|HS|  |TAMS 0x0000000081200000, 0x0000000081100000| Complete 
|  18|0x0000000081200000, 0x0000000081300000, 0x0000000081300000|100%|HC|  |TAMS 0x0000000081300000, 0x0000000081200000| Complete 
|  19|0x0000000081300000, 0x0000000081400000, 0x0000000081400000|100%|HS|  |TAMS 0x0000000081400000, 0x0000000081300000| Complete 
|  20|0x0000000081400000, 0x0000000081500000, 0x0000000081500000|100%|HC|  |TAMS 0x0000000081500000, 0x0000000081400000| Complete 
|  21|0x0000000081500000, 0x0000000081600000, 0x0000000081600000|100%|HC|  |TAMS 0x0000000081600000, 0x0000000081500000| Complete 
|  22|0x0000000081600000, 0x0000000081700000, 0x0000000081700000|100%|HS|  |TAMS 0x0000000081700000, 0x0000000081600000| Complete 
|  23|0x0000000081700000, 0x0000000081800000, 0x0000000081800000|100%|HC|  |TAMS 0x0000000081800000, 0x0000000081700000| Complete 
|  24|0x0000000081800000, 0x0000000081900000, 0x0000000081900000|100%|HC|  |TAMS 0x0000000081900000, 0x0000000081800000| Complete 
|  25|0x0000000081900000, 0x0000000081a00000, 0x0000000081a00000|100%|HC|  |TAMS 0x0000000081a00000, 0x0000000081900000| Complete 
|  26|0x0000000081a00000, 0x0000000081b00000, 0x0000000081b00000|100%|HC|  |TAMS 0x0000000081b00000, 0x0000000081a00000| Complete 
|  27|0x0000000081b00000, 0x0000000081c00000, 0x0000000081c00000|100%| O|  |TAMS 0x0000000081c00000, 0x0000000081b00000| Updating 
|  28|0x0000000081c00000, 0x0000000081d00000, 0x0000000081d00000|100%| O|  |TAMS 0x0000000081d00000, 0x0000000081c00000| Updating 
|  29|0x0000000081d00000, 0x0000000081e00000, 0x0000000081e00000|100%| O|  |TAMS 0x0000000081e00000, 0x0000000081d00000| Updating 
|  30|0x0000000081e00000, 0x0000000081f00000, 0x0000000081f00000|100%| O|  |TAMS 0x0000000081f00000, 0x0000000081e00000| Updating 
|  31|0x0000000081f00000, 0x0000000082000000, 0x0000000082000000|100%| O|  |TAMS 0x0000000082000000, 0x0000000081f00000| Updating 
|  32|0x0000000082000000, 0x0000000082100000, 0x0000000082100000|100%| O|  |TAMS 0x0000000082100000, 0x0000000082000000| Updating 
|  33|0x0000000082100000, 0x0000000082200000, 0x0000000082200000|100%| O|  |TAMS 0x0000000082200000, 0x0000000082100000| Updating 
|  34|0x0000000082200000, 0x0000000082300000, 0x0000000082300000|100%| O|  |TAMS 0x0000000082300000, 0x0000000082200000| Updating 
|  35|0x0000000082300000, 0x0000000082400000, 0x0000000082400000|100%| O|  |TAMS 0x0000000082400000, 0x0000000082300000| Updating 
|  36|0x0000000082400000, 0x0000000082500000, 0x0000000082500000|100%| O|  |TAMS 0x0000000082500000, 0x0000000082400000| Updating 
|  37|0x0000000082500000, 0x0000000082600000, 0x0000000082600000|100%| O|  |TAMS 0x0000000082600000, 0x0000000082500000| Updating 
|  38|0x0000000082600000, 0x0000000082700000, 0x0000000082700000|100%| O|  |TAMS 0x0000000082700000, 0x0000000082600000| Updating 
|  39|0x0000000082700000, 0x0000000082800000, 0x0000000082800000|100%| O|  |TAMS 0x0000000082800000, 0x0000000082700000| Updating 
|  40|0x0000000082800000, 0x0000000082900000, 0x0000000082900000|100%|HS|  |TAMS 0x0000000082900000, 0x0000000082800000| Complete 
|  41|0x0000000082900000, 0x0000000082a00000, 0x0000000082a00000|100%|HC|  |TAMS 0x0000000082a00000, 0x0000000082900000| Complete 
|  42|0x0000000082a00000, 0x0000000082b00000, 0x0000000082b00000|100%|HC|  |TAMS 0x0000000082b00000, 0x0000000082a00000| Complete 
|  43|0x0000000082b00000, 0x0000000082c00000, 0x0000000082c00000|100%|HC|  |TAMS 0x0000000082c00000, 0x0000000082b00000| Complete 
|  44|0x0000000082c00000, 0x0000000082d00000, 0x0000000082d00000|100%|HC|  |TAMS 0x0000000082d00000, 0x0000000082c00000| Complete 
|  45|0x0000000082d00000, 0x0000000082e00000, 0x0000000082e00000|100%|HS|  |TAMS 0x0000000082e00000, 0x0000000082d00000| Complete 
|  46|0x0000000082e00000, 0x0000000082f00000, 0x0000000082f00000|100%|HC|  |TAMS 0x0000000082f00000, 0x0000000082e00000| Complete 
|  47|0x0000000082f00000, 0x0000000083000000, 0x0000000083000000|100%|HC|  |TAMS 0x0000000083000000, 0x0000000082f00000| Complete 
|  48|0x0000000083000000, 0x0000000083100000, 0x0000000083100000|100%| O|  |TAMS 0x0000000083100000, 0x0000000083000000| Updating 
|  49|0x0000000083100000, 0x0000000083200000, 0x0000000083200000|100%| O|  |TAMS 0x0000000083200000, 0x0000000083100000| Updating 
|  50|0x0000000083200000, 0x0000000083300000, 0x0000000083300000|100%| O|  |TAMS 0x0000000083300000, 0x0000000083200000| Updating 
|  51|0x0000000083300000, 0x0000000083400000, 0x0000000083400000|100%| O|  |TAMS 0x0000000083400000, 0x0000000083300000| Updating 
|  52|0x0000000083400000, 0x0000000083500000, 0x0000000083500000|100%| O|  |TAMS 0x0000000083500000, 0x0000000083400000| Updating 
|  53|0x0000000083500000, 0x0000000083600000, 0x0000000083600000|100%| O|  |TAMS 0x0000000083600000, 0x0000000083500000| Updating 
|  54|0x0000000083600000, 0x0000000083700000, 0x0000000083700000|100%| O|  |TAMS 0x0000000083700000, 0x0000000083600000| Updating 
|  55|0x0000000083700000, 0x0000000083800000, 0x0000000083800000|100%| O|  |TAMS 0x0000000083800000, 0x0000000083700000| Updating 
|  56|0x0000000083800000, 0x0000000083900000, 0x0000000083900000|100%|HS|  |TAMS 0x0000000083900000, 0x0000000083800000| Complete 
|  57|0x0000000083900000, 0x0000000083a00000, 0x0000000083a00000|100%|HS|  |TAMS 0x0000000083a00000, 0x0000000083900000| Complete 
|  58|0x0000000083a00000, 0x0000000083b00000, 0x0000000083b00000|100%|HS|  |TAMS 0x0000000083b00000, 0x0000000083a00000| Complete 
|  59|0x0000000083b00000, 0x0000000083c00000, 0x0000000083c00000|100%|HC|  |TAMS 0x0000000083c00000, 0x0000000083b00000| Complete 
|  60|0x0000000083c00000, 0x0000000083d00000, 0x0000000083d00000|100%| O|  |TAMS 0x0000000083d00000, 0x0000000083c00000| Updating 
|  61|0x0000000083d00000, 0x0000000083e00000, 0x0000000083e00000|100%| O|  |TAMS 0x0000000083e00000, 0x0000000083d00000| Updating 
|  62|0x0000000083e00000, 0x0000000083f00000, 0x0000000083f00000|100%| O|  |TAMS 0x0000000083f00000, 0x0000000083e00000| Updating 
|  63|0x0000000083f00000, 0x0000000084000000, 0x0000000084000000|100%| O|  |TAMS 0x0000000084000000, 0x0000000083f00000| Updating 
|  64|0x0000000084000000, 0x0000000084100000, 0x0000000084100000|100%| O|  |TAMS 0x0000000084100000, 0x0000000084000000| Updating 
|  65|0x0000000084100000, 0x0000000084200000, 0x0000000084200000|100%| O|  |TAMS 0x0000000084200000, 0x0000000084100000| Updating 
|  66|0x0000000084200000, 0x0000000084300000, 0x0000000084300000|100%| O|  |TAMS 0x0000000084300000, 0x0000000084200000| Updating 
|  67|0x0000000084300000, 0x0000000084400000, 0x0000000084400000|100%| O|  |TAMS 0x0000000084400000, 0x0000000084300000| Updating 
|  68|0x0000000084400000, 0x0000000084500000, 0x0000000084500000|100%| O|  |TAMS 0x0000000084500000, 0x0000000084400000| Updating 
|  69|0x0000000084500000, 0x0000000084600000, 0x0000000084600000|100%| O|  |TAMS 0x0000000084600000, 0x0000000084500000| Updating 
|  70|0x0000000084600000, 0x0000000084700000, 0x0000000084700000|100%| O|  |TAMS 0x0000000084700000, 0x0000000084600000| Updating 
|  71|0x0000000084700000, 0x0000000084800000, 0x0000000084800000|100%| O|  |TAMS 0x0000000084800000, 0x0000000084700000| Updating 
|  72|0x0000000084800000, 0x0000000084900000, 0x0000000084900000|100%| O|  |TAMS 0x0000000084900000, 0x0000000084800000| Updating 
|  73|0x0000000084900000, 0x0000000084a00000, 0x0000000084a00000|100%| O|  |TAMS 0x0000000084a00000, 0x0000000084900000| Updating 
|  74|0x0000000084a00000, 0x0000000084b00000, 0x0000000084b00000|100%| O|  |TAMS 0x0000000084b00000, 0x0000000084a00000| Updating 
|  75|0x0000000084b00000, 0x0000000084c00000, 0x0000000084c00000|100%| O|  |TAMS 0x0000000084c00000, 0x0000000084b00000| Updating 
|  76|0x0000000084c00000, 0x0000000084d00000, 0x0000000084d00000|100%| O|  |TAMS 0x0000000084d00000, 0x0000000084c00000| Updating 
|  77|0x0000000084d00000, 0x0000000084e00000, 0x0000000084e00000|100%| O|  |TAMS 0x0000000084e00000, 0x0000000084d00000| Updating 
|  78|0x0000000084e00000, 0x0000000084f00000, 0x0000000084f00000|100%| O|  |TAMS 0x0000000084f00000, 0x0000000084e00000| Updating 
|  79|0x0000000084f00000, 0x0000000085000000, 0x0000000085000000|100%| O|  |TAMS 0x0000000085000000, 0x0000000084f00000| Updating 
|  80|0x0000000085000000, 0x0000000085100000, 0x0000000085100000|100%| O|  |TAMS 0x0000000085100000, 0x0000000085000000| Updating 
|  81|0x0000000085100000, 0x0000000085200000, 0x0000000085200000|100%| O|  |TAMS 0x0000000085200000, 0x0000000085100000| Updating 
|  82|0x0000000085200000, 0x0000000085300000, 0x0000000085300000|100%| O|  |TAMS 0x0000000085300000, 0x0000000085200000| Updating 
|  83|0x0000000085300000, 0x0000000085400000, 0x0000000085400000|100%| O|  |TAMS 0x0000000085400000, 0x0000000085300000| Updating 
|  84|0x0000000085400000, 0x0000000085500000, 0x0000000085500000|100%| O|  |TAMS 0x0000000085500000, 0x0000000085400000| Updating 
|  85|0x0000000085500000, 0x0000000085600000, 0x0000000085600000|100%| O|  |TAMS 0x0000000085600000, 0x0000000085500000| Updating 
|  86|0x0000000085600000, 0x0000000085700000, 0x0000000085700000|100%| O|  |TAMS 0x0000000085700000, 0x0000000085600000| Updating 
|  87|0x0000000085700000, 0x0000000085800000, 0x0000000085800000|100%| O|  |TAMS 0x0000000085800000, 0x0000000085700000| Updating 
|  88|0x0000000085800000, 0x0000000085900000, 0x0000000085900000|100%| O|  |TAMS 0x0000000085900000, 0x0000000085800000| Updating 
|  89|0x0000000085900000, 0x0000000085a00000, 0x0000000085a00000|100%| O|  |TAMS 0x0000000085a00000, 0x0000000085900000| Updating 
|  90|0x0000000085a00000, 0x0000000085b00000, 0x0000000085b00000|100%| O|  |TAMS 0x0000000085b00000, 0x0000000085a00000| Updating 
|  91|0x0000000085b00000, 0x0000000085c00000, 0x0000000085c00000|100%| O|  |TAMS 0x0000000085c00000, 0x0000000085b00000| Updating 
|  92|0x0000000085c00000, 0x0000000085d00000, 0x0000000085d00000|100%| O|  |TAMS 0x0000000085d00000, 0x0000000085c00000| Updating 
|  93|0x0000000085d00000, 0x0000000085e00000, 0x0000000085e00000|100%| O|  |TAMS 0x0000000085e00000, 0x0000000085d00000| Updating 
|  94|0x0000000085e00000, 0x0000000085f00000, 0x0000000085f00000|100%| O|  |TAMS 0x0000000085f00000, 0x0000000085e00000| Updating 
|  95|0x0000000085f00000, 0x0000000086000000, 0x0000000086000000|100%| O|  |TAMS 0x0000000086000000, 0x0000000085f00000| Updating 
|  96|0x0000000086000000, 0x0000000086100000, 0x0000000086100000|100%| O|  |TAMS 0x0000000086100000, 0x0000000086000000| Updating 
|  97|0x0000000086100000, 0x0000000086200000, 0x0000000086200000|100%| O|  |TAMS 0x0000000086200000, 0x0000000086100000| Updating 
|  98|0x0000000086200000, 0x0000000086300000, 0x0000000086300000|100%| O|  |TAMS 0x0000000086300000, 0x0000000086200000| Updating 
|  99|0x0000000086300000, 0x0000000086400000, 0x0000000086400000|100%| O|  |TAMS 0x0000000086400000, 0x0000000086300000| Updating 
| 100|0x0000000086400000, 0x0000000086500000, 0x0000000086500000|100%| O|  |TAMS 0x0000000086500000, 0x0000000086400000| Updating 
| 101|0x0000000086500000, 0x0000000086600000, 0x0000000086600000|100%|HS|  |TAMS 0x0000000086600000, 0x0000000086500000| Complete 
| 102|0x0000000086600000, 0x0000000086700000, 0x0000000086700000|100%| O|  |TAMS 0x0000000086700000, 0x0000000086600000| Updating 
| 103|0x0000000086700000, 0x0000000086800000, 0x0000000086800000|100%| O|  |TAMS 0x0000000086800000, 0x0000000086700000| Updating 
| 104|0x0000000086800000, 0x0000000086900000, 0x0000000086900000|100%| O|  |TAMS 0x0000000086900000, 0x0000000086800000| Updating 
| 105|0x0000000086900000, 0x0000000086a00000, 0x0000000086a00000|100%| O|  |TAMS 0x0000000086a00000, 0x0000000086900000| Updating 
| 106|0x0000000086a00000, 0x0000000086b00000, 0x0000000086b00000|100%| O|  |TAMS 0x0000000086b00000, 0x0000000086a00000| Updating 
| 107|0x0000000086b00000, 0x0000000086c00000, 0x0000000086c00000|100%| O|  |TAMS 0x0000000086c00000, 0x0000000086b00000| Updating 
| 108|0x0000000086c00000, 0x0000000086d00000, 0x0000000086d00000|100%| O|  |TAMS 0x0000000086d00000, 0x0000000086c00000| Updating 
| 109|0x0000000086d00000, 0x0000000086e00000, 0x0000000086e00000|100%| O|  |TAMS 0x0000000086e00000, 0x0000000086d00000| Updating 
| 110|0x0000000086e00000, 0x0000000086f00000, 0x0000000086f00000|100%| O|  |TAMS 0x0000000086e00000, 0x0000000086e00000| Untracked 
| 111|0x0000000086f00000, 0x0000000087000000, 0x0000000087000000|100%| O|  |TAMS 0x0000000087000000, 0x0000000086f00000| Updating 
| 112|0x0000000087000000, 0x0000000087100000, 0x0000000087100000|100%| O|  |TAMS 0x0000000087100000, 0x0000000087000000| Updating 
| 113|0x0000000087100000, 0x0000000087200000, 0x0000000087200000|100%| O|  |TAMS 0x0000000087200000, 0x0000000087100000| Updating 
| 114|0x0000000087200000, 0x0000000087300000, 0x0000000087300000|100%| O|  |TAMS 0x0000000087300000, 0x0000000087200000| Updating 
| 115|0x0000000087300000, 0x0000000087400000, 0x0000000087400000|100%| O|  |TAMS 0x0000000087400000, 0x0000000087300000| Updating 
| 116|0x0000000087400000, 0x0000000087500000, 0x0000000087500000|100%| O|  |TAMS 0x0000000087500000, 0x0000000087400000| Updating 
| 117|0x0000000087500000, 0x0000000087600000, 0x0000000087600000|100%| O|  |TAMS 0x0000000087600000, 0x0000000087500000| Updating 
| 118|0x0000000087600000, 0x0000000087700000, 0x0000000087700000|100%| O|  |TAMS 0x0000000087700000, 0x0000000087600000| Updating 
| 119|0x0000000087700000, 0x0000000087800000, 0x0000000087800000|100%| O|  |TAMS 0x0000000087800000, 0x0000000087700000| Updating 
| 120|0x0000000087800000, 0x0000000087900000, 0x0000000087900000|100%| O|  |TAMS 0x0000000087900000, 0x0000000087800000| Updating 
| 121|0x0000000087900000, 0x0000000087a00000, 0x0000000087a00000|100%| O|  |TAMS 0x0000000087a00000, 0x0000000087900000| Updating 
| 122|0x0000000087a00000, 0x0000000087b00000, 0x0000000087b00000|100%| O|  |TAMS 0x0000000087b00000, 0x0000000087a00000| Updating 
| 123|0x0000000087b00000, 0x0000000087c00000, 0x0000000087c00000|100%| O|  |TAMS 0x0000000087c00000, 0x0000000087b00000| Updating 
| 124|0x0000000087c00000, 0x0000000087d00000, 0x0000000087d00000|100%| O|  |TAMS 0x0000000087d00000, 0x0000000087c00000| Updating 
| 125|0x0000000087d00000, 0x0000000087e00000, 0x0000000087e00000|100%| O|  |TAMS 0x0000000087e00000, 0x0000000087d00000| Updating 
| 126|0x0000000087e00000, 0x0000000087f00000, 0x0000000087f00000|100%| O|  |TAMS 0x0000000087f00000, 0x0000000087e00000| Updating 
| 127|0x0000000087f00000, 0x0000000088000000, 0x0000000088000000|100%| O|  |TAMS 0x0000000088000000, 0x0000000087f00000| Updating 
| 128|0x0000000088000000, 0x0000000088100000, 0x0000000088100000|100%| O|  |TAMS 0x0000000088100000, 0x0000000088000000| Updating 
| 129|0x0000000088100000, 0x0000000088200000, 0x0000000088200000|100%| O|  |TAMS 0x0000000088200000, 0x0000000088100000| Updating 
| 130|0x0000000088200000, 0x0000000088300000, 0x0000000088300000|100%| O|  |TAMS 0x0000000088300000, 0x0000000088200000| Updating 
| 131|0x0000000088300000, 0x0000000088400000, 0x0000000088400000|100%| O|  |TAMS 0x0000000088400000, 0x0000000088300000| Updating 
| 132|0x0000000088400000, 0x0000000088500000, 0x0000000088500000|100%| O|  |TAMS 0x0000000088500000, 0x0000000088400000| Updating 
| 133|0x0000000088500000, 0x0000000088600000, 0x0000000088600000|100%| O|  |TAMS 0x0000000088600000, 0x0000000088500000| Updating 
| 134|0x0000000088600000, 0x0000000088700000, 0x0000000088700000|100%| O|  |TAMS 0x0000000088700000, 0x0000000088600000| Updating 
| 135|0x0000000088700000, 0x0000000088800000, 0x0000000088800000|100%| O|  |TAMS 0x0000000088800000, 0x0000000088700000| Updating 
| 136|0x0000000088800000, 0x0000000088900000, 0x0000000088900000|100%| O|  |TAMS 0x0000000088900000, 0x0000000088800000| Updating 
| 137|0x0000000088900000, 0x0000000088a00000, 0x0000000088a00000|100%| O|  |TAMS 0x0000000088a00000, 0x0000000088900000| Updating 
| 138|0x0000000088a00000, 0x0000000088b00000, 0x0000000088b00000|100%| O|  |TAMS 0x0000000088b00000, 0x0000000088a00000| Updating 
| 139|0x0000000088b00000, 0x0000000088c00000, 0x0000000088c00000|100%| O|  |TAMS 0x0000000088c00000, 0x0000000088b00000| Updating 
| 140|0x0000000088c00000, 0x0000000088d00000, 0x0000000088d00000|100%| O|  |TAMS 0x0000000088d00000, 0x0000000088c00000| Updating 
| 141|0x0000000088d00000, 0x0000000088e00000, 0x0000000088e00000|100%| O|  |TAMS 0x0000000088e00000, 0x0000000088d00000| Updating 
| 142|0x0000000088e00000, 0x0000000088f00000, 0x0000000088f00000|100%| O|  |TAMS 0x0000000088f00000, 0x0000000088e00000| Updating 
| 143|0x0000000088f00000, 0x0000000089000000, 0x0000000089000000|100%| O|  |TAMS 0x0000000089000000, 0x0000000088f00000| Updating 
| 144|0x0000000089000000, 0x0000000089100000, 0x0000000089100000|100%| O|  |TAMS 0x0000000089100000, 0x0000000089000000| Updating 
| 145|0x0000000089100000, 0x0000000089200000, 0x0000000089200000|100%| O|  |TAMS 0x0000000089200000, 0x0000000089100000| Updating 
| 146|0x0000000089200000, 0x0000000089300000, 0x0000000089300000|100%| O|  |TAMS 0x0000000089300000, 0x0000000089200000| Updating 
| 147|0x0000000089300000, 0x0000000089400000, 0x0000000089400000|100%| O|  |TAMS 0x0000000089400000, 0x0000000089300000| Updating 
| 148|0x0000000089400000, 0x0000000089500000, 0x0000000089500000|100%| O|  |TAMS 0x0000000089500000, 0x0000000089400000| Updating 
| 149|0x0000000089500000, 0x0000000089600000, 0x0000000089600000|100%| O|  |TAMS 0x0000000089600000, 0x0000000089500000| Updating 
| 150|0x0000000089600000, 0x0000000089700000, 0x0000000089700000|100%| O|  |TAMS 0x0000000089700000, 0x0000000089600000| Updating 
| 151|0x0000000089700000, 0x0000000089800000, 0x0000000089800000|100%| O|  |TAMS 0x0000000089800000, 0x0000000089700000| Updating 
| 152|0x0000000089800000, 0x0000000089900000, 0x0000000089900000|100%| O|  |TAMS 0x0000000089900000, 0x0000000089800000| Updating 
| 153|0x0000000089900000, 0x0000000089a00000, 0x0000000089a00000|100%| O|  |TAMS 0x0000000089a00000, 0x0000000089900000| Updating 
| 154|0x0000000089a00000, 0x0000000089b00000, 0x0000000089b00000|100%| O|  |TAMS 0x0000000089b00000, 0x0000000089a00000| Updating 
| 155|0x0000000089b00000, 0x0000000089c00000, 0x0000000089c00000|100%| O|  |TAMS 0x0000000089c00000, 0x0000000089b00000| Updating 
| 156|0x0000000089c00000, 0x0000000089d00000, 0x0000000089d00000|100%| O|  |TAMS 0x0000000089d00000, 0x0000000089c00000| Updating 
| 157|0x0000000089d00000, 0x0000000089e00000, 0x0000000089e00000|100%| O|  |TAMS 0x0000000089e00000, 0x0000000089d00000| Updating 
| 158|0x0000000089e00000, 0x0000000089f00000, 0x0000000089f00000|100%| O|  |TAMS 0x0000000089f00000, 0x0000000089e00000| Updating 
| 159|0x0000000089f00000, 0x000000008a000000, 0x000000008a000000|100%| O|  |TAMS 0x000000008a000000, 0x0000000089f00000| Updating 
| 160|0x000000008a000000, 0x000000008a100000, 0x000000008a100000|100%| O|  |TAMS 0x000000008a100000, 0x000000008a000000| Updating 
| 161|0x000000008a100000, 0x000000008a200000, 0x000000008a200000|100%| O|  |TAMS 0x000000008a200000, 0x000000008a100000| Updating 
| 162|0x000000008a200000, 0x000000008a300000, 0x000000008a300000|100%| O|  |TAMS 0x000000008a200000, 0x000000008a200000| Untracked 
| 163|0x000000008a300000, 0x000000008a400000, 0x000000008a400000|100%| O|  |TAMS 0x000000008a400000, 0x000000008a300000| Updating 
| 164|0x000000008a400000, 0x000000008a500000, 0x000000008a500000|100%| O|  |TAMS 0x000000008a500000, 0x000000008a400000| Updating 
| 165|0x000000008a500000, 0x000000008a600000, 0x000000008a600000|100%|HS|  |TAMS 0x000000008a600000, 0x000000008a500000| Complete 
| 166|0x000000008a600000, 0x000000008a700000, 0x000000008a700000|100%|HC|  |TAMS 0x000000008a700000, 0x000000008a600000| Complete 
| 167|0x000000008a700000, 0x000000008a800000, 0x000000008a800000|100%|HC|  |TAMS 0x000000008a800000, 0x000000008a700000| Complete 
| 168|0x000000008a800000, 0x000000008a900000, 0x000000008a900000|100%|HC|  |TAMS 0x000000008a900000, 0x000000008a800000| Complete 
| 169|0x000000008a900000, 0x000000008aa00000, 0x000000008aa00000|100%|HC|  |TAMS 0x000000008aa00000, 0x000000008a900000| Complete 
| 170|0x000000008aa00000, 0x000000008ab00000, 0x000000008ab00000|100%| O|  |TAMS 0x000000008ab00000, 0x000000008aa00000| Updating 
| 171|0x000000008ab00000, 0x000000008ac00000, 0x000000008ac00000|100%| O|  |TAMS 0x000000008ac00000, 0x000000008ab00000| Updating 
| 172|0x000000008ac00000, 0x000000008ad00000, 0x000000008ad00000|100%| O|  |TAMS 0x000000008ad00000, 0x000000008ac00000| Updating 
| 173|0x000000008ad00000, 0x000000008ae00000, 0x000000008ae00000|100%| O|  |TAMS 0x000000008ae00000, 0x000000008ad00000| Updating 
| 174|0x000000008ae00000, 0x000000008af00000, 0x000000008af00000|100%| O|  |TAMS 0x000000008af00000, 0x000000008ae00000| Updating 
| 175|0x000000008af00000, 0x000000008b000000, 0x000000008b000000|100%| O|  |TAMS 0x000000008af00000, 0x000000008af00000| Untracked 
| 176|0x000000008b000000, 0x000000008b100000, 0x000000008b100000|100%| O|  |TAMS 0x000000008b000000, 0x000000008b000000| Untracked 
| 177|0x000000008b100000, 0x000000008b200000, 0x000000008b200000|100%| O|  |TAMS 0x000000008b100000, 0x000000008b100000| Untracked 
| 178|0x000000008b200000, 0x000000008b300000, 0x000000008b300000|100%| O|  |TAMS 0x000000008b200000, 0x000000008b200000| Untracked 
| 179|0x000000008b300000, 0x000000008b380000, 0x000000008b400000| 50%| O|  |TAMS 0x000000008b300000, 0x000000008b300000| Untracked 
| 180|0x000000008b400000, 0x000000008b500000, 0x000000008b500000|100%| O|  |TAMS 0x000000008b500000, 0x000000008b400000| Updating 
| 181|0x000000008b500000, 0x000000008b600000, 0x000000008b600000|100%| O|  |TAMS 0x000000008b600000, 0x000000008b500000| Updating 
| 182|0x000000008b600000, 0x000000008b700000, 0x000000008b700000|100%| O|  |TAMS 0x000000008b700000, 0x000000008b600000| Updating 
| 183|0x000000008b700000, 0x000000008b800000, 0x000000008b800000|100%| O|  |TAMS 0x000000008b800000, 0x000000008b700000| Updating 
| 184|0x000000008b800000, 0x000000008b900000, 0x000000008b900000|100%| O|  |TAMS 0x000000008b900000, 0x000000008b800000| Updating 
| 185|0x000000008b900000, 0x000000008ba00000, 0x000000008ba00000|100%| O|  |TAMS 0x000000008ba00000, 0x000000008b900000| Updating 
| 186|0x000000008ba00000, 0x000000008bb00000, 0x000000008bb00000|100%| O|  |TAMS 0x000000008bb00000, 0x000000008ba00000| Updating 
| 187|0x000000008bb00000, 0x000000008bc00000, 0x000000008bc00000|100%| O|  |TAMS 0x000000008bc00000, 0x000000008bb00000| Updating 
| 188|0x000000008bc00000, 0x000000008bd00000, 0x000000008bd00000|100%| O|  |TAMS 0x000000008bd00000, 0x000000008bc00000| Updating 
| 189|0x000000008bd00000, 0x000000008be00000, 0x000000008be00000|100%| O|  |TAMS 0x000000008be00000, 0x000000008bd00000| Updating 
| 190|0x000000008be00000, 0x000000008bf00000, 0x000000008bf00000|100%| O|  |TAMS 0x000000008bf00000, 0x000000008be00000| Updating 
| 191|0x000000008bf00000, 0x000000008c000000, 0x000000008c000000|100%| O|  |TAMS 0x000000008c000000, 0x000000008bf00000| Updating 
| 192|0x000000008c000000, 0x000000008c100000, 0x000000008c100000|100%| O|  |TAMS 0x000000008c100000, 0x000000008c000000| Updating 
| 193|0x000000008c100000, 0x000000008c200000, 0x000000008c200000|100%| O|  |TAMS 0x000000008c200000, 0x000000008c100000| Updating 
| 194|0x000000008c200000, 0x000000008c300000, 0x000000008c300000|100%| O|  |TAMS 0x000000008c300000, 0x000000008c200000| Updating 
| 195|0x000000008c300000, 0x000000008c400000, 0x000000008c400000|100%| O|  |TAMS 0x000000008c400000, 0x000000008c300000| Updating 
| 196|0x000000008c400000, 0x000000008c500000, 0x000000008c500000|100%| O|  |TAMS 0x000000008c500000, 0x000000008c400000| Updating 
| 197|0x000000008c500000, 0x000000008c500000, 0x000000008c600000|  0%| F|  |TAMS 0x000000008c500000, 0x000000008c500000| Untracked 
| 198|0x000000008c600000, 0x000000008c600000, 0x000000008c700000|  0%| F|  |TAMS 0x000000008c600000, 0x000000008c600000| Untracked 
| 199|0x000000008c700000, 0x000000008c700000, 0x000000008c800000|  0%| F|  |TAMS 0x000000008c700000, 0x000000008c700000| Untracked 
| 200|0x000000008c800000, 0x000000008c800000, 0x000000008c900000|  0%| F|  |TAMS 0x000000008c800000, 0x000000008c800000| Untracked 
| 201|0x000000008c900000, 0x000000008c900000, 0x000000008ca00000|  0%| F|  |TAMS 0x000000008c900000, 0x000000008c900000| Untracked 
| 202|0x000000008ca00000, 0x000000008ca00000, 0x000000008cb00000|  0%| F|  |TAMS 0x000000008ca00000, 0x000000008ca00000| Untracked 
| 203|0x000000008cb00000, 0x000000008cb00000, 0x000000008cc00000|  0%| F|  |TAMS 0x000000008cb00000, 0x000000008cb00000| Untracked 
| 204|0x000000008cc00000, 0x000000008cc00000, 0x000000008cd00000|  0%| F|  |TAMS 0x000000008cc00000, 0x000000008cc00000| Untracked 
| 205|0x000000008cd00000, 0x000000008cd00000, 0x000000008ce00000|  0%| F|  |TAMS 0x000000008cd00000, 0x000000008cd00000| Untracked 
| 206|0x000000008ce00000, 0x000000008ce00000, 0x000000008cf00000|  0%| F|  |TAMS 0x000000008ce00000, 0x000000008ce00000| Untracked 
| 207|0x000000008cf00000, 0x000000008cf00000, 0x000000008d000000|  0%| F|  |TAMS 0x000000008cf00000, 0x000000008cf00000| Untracked 
| 208|0x000000008d000000, 0x000000008d000000, 0x000000008d100000|  0%| F|  |TAMS 0x000000008d000000, 0x000000008d000000| Untracked 
| 209|0x000000008d100000, 0x000000008d100000, 0x000000008d200000|  0%| F|  |TAMS 0x000000008d100000, 0x000000008d100000| Untracked 
| 210|0x000000008d200000, 0x000000008d200000, 0x000000008d300000|  0%| F|  |TAMS 0x000000008d200000, 0x000000008d200000| Untracked 
| 211|0x000000008d300000, 0x000000008d300000, 0x000000008d400000|  0%| F|  |TAMS 0x000000008d300000, 0x000000008d300000| Untracked 
| 212|0x000000008d400000, 0x000000008d400000, 0x000000008d500000|  0%| F|  |TAMS 0x000000008d400000, 0x000000008d400000| Untracked 
| 213|0x000000008d500000, 0x000000008d500000, 0x000000008d600000|  0%| F|  |TAMS 0x000000008d500000, 0x000000008d500000| Untracked 
| 214|0x000000008d600000, 0x000000008d600000, 0x000000008d700000|  0%| F|  |TAMS 0x000000008d600000, 0x000000008d600000| Untracked 
| 215|0x000000008d700000, 0x000000008d700000, 0x000000008d800000|  0%| F|  |TAMS 0x000000008d700000, 0x000000008d700000| Untracked 
| 216|0x000000008d800000, 0x000000008d800000, 0x000000008d900000|  0%| F|  |TAMS 0x000000008d800000, 0x000000008d800000| Untracked 
| 217|0x000000008d900000, 0x000000008d900000, 0x000000008da00000|  0%| F|  |TAMS 0x000000008d900000, 0x000000008d900000| Untracked 
| 218|0x000000008da00000, 0x000000008da00000, 0x000000008db00000|  0%| F|  |TAMS 0x000000008da00000, 0x000000008da00000| Untracked 
| 219|0x000000008db00000, 0x000000008db00000, 0x000000008dc00000|  0%| F|  |TAMS 0x000000008db00000, 0x000000008db00000| Untracked 
| 220|0x000000008dc00000, 0x000000008dc00000, 0x000000008dd00000|  0%| F|  |TAMS 0x000000008dc00000, 0x000000008dc00000| Untracked 
| 221|0x000000008dd00000, 0x000000008dd00000, 0x000000008de00000|  0%| F|  |TAMS 0x000000008dd00000, 0x000000008dd00000| Untracked 
| 222|0x000000008de00000, 0x000000008de00000, 0x000000008df00000|  0%| F|  |TAMS 0x000000008de00000, 0x000000008de00000| Untracked 
| 223|0x000000008df00000, 0x000000008df00000, 0x000000008e000000|  0%| F|  |TAMS 0x000000008df00000, 0x000000008df00000| Untracked 
| 224|0x000000008e000000, 0x000000008e000000, 0x000000008e100000|  0%| F|  |TAMS 0x000000008e000000, 0x000000008e000000| Untracked 
| 225|0x000000008e100000, 0x000000008e100000, 0x000000008e200000|  0%| F|  |TAMS 0x000000008e100000, 0x000000008e100000| Untracked 
| 226|0x000000008e200000, 0x000000008e200000, 0x000000008e300000|  0%| F|  |TAMS 0x000000008e200000, 0x000000008e200000| Untracked 
| 227|0x000000008e300000, 0x000000008e300000, 0x000000008e400000|  0%| F|  |TAMS 0x000000008e300000, 0x000000008e300000| Untracked 
| 228|0x000000008e400000, 0x000000008e400000, 0x000000008e500000|  0%| F|  |TAMS 0x000000008e400000, 0x000000008e400000| Untracked 
| 229|0x000000008e500000, 0x000000008e500000, 0x000000008e600000|  0%| F|  |TAMS 0x000000008e500000, 0x000000008e500000| Untracked 
| 230|0x000000008e600000, 0x000000008e600000, 0x000000008e700000|  0%| F|  |TAMS 0x000000008e600000, 0x000000008e600000| Untracked 
| 231|0x000000008e700000, 0x000000008e700000, 0x000000008e800000|  0%| F|  |TAMS 0x000000008e700000, 0x000000008e700000| Untracked 
| 232|0x000000008e800000, 0x000000008e800000, 0x000000008e900000|  0%| F|  |TAMS 0x000000008e800000, 0x000000008e800000| Untracked 
| 233|0x000000008e900000, 0x000000008e900000, 0x000000008ea00000|  0%| F|  |TAMS 0x000000008e900000, 0x000000008e900000| Untracked 
| 234|0x000000008ea00000, 0x000000008ea00000, 0x000000008eb00000|  0%| F|  |TAMS 0x000000008ea00000, 0x000000008ea00000| Untracked 
| 235|0x000000008eb00000, 0x000000008eb00000, 0x000000008ec00000|  0%| F|  |TAMS 0x000000008eb00000, 0x000000008eb00000| Untracked 
| 236|0x000000008ec00000, 0x000000008ec00000, 0x000000008ed00000|  0%| F|  |TAMS 0x000000008ec00000, 0x000000008ec00000| Untracked 
| 237|0x000000008ed00000, 0x000000008ed00000, 0x000000008ee00000|  0%| F|  |TAMS 0x000000008ed00000, 0x000000008ed00000| Untracked 
| 238|0x000000008ee00000, 0x000000008ee00000, 0x000000008ef00000|  0%| F|  |TAMS 0x000000008ee00000, 0x000000008ee00000| Untracked 
| 239|0x000000008ef00000, 0x000000008ef00000, 0x000000008f000000|  0%| F|  |TAMS 0x000000008ef00000, 0x000000008ef00000| Untracked 
| 240|0x000000008f000000, 0x000000008f000000, 0x000000008f100000|  0%| F|  |TAMS 0x000000008f000000, 0x000000008f000000| Untracked 
| 241|0x000000008f100000, 0x000000008f100000, 0x000000008f200000|  0%| F|  |TAMS 0x000000008f100000, 0x000000008f100000| Untracked 
| 242|0x000000008f200000, 0x000000008f200000, 0x000000008f300000|  0%| F|  |TAMS 0x000000008f200000, 0x000000008f200000| Untracked 
| 243|0x000000008f300000, 0x000000008f300000, 0x000000008f400000|  0%| F|  |TAMS 0x000000008f300000, 0x000000008f300000| Untracked 
| 244|0x000000008f400000, 0x000000008f400000, 0x000000008f500000|  0%| F|  |TAMS 0x000000008f400000, 0x000000008f400000| Untracked 
| 245|0x000000008f500000, 0x000000008f500000, 0x000000008f600000|  0%| F|  |TAMS 0x000000008f500000, 0x000000008f500000| Untracked 
| 246|0x000000008f600000, 0x000000008f600000, 0x000000008f700000|  0%| F|  |TAMS 0x000000008f600000, 0x000000008f600000| Untracked 
| 247|0x000000008f700000, 0x000000008f700000, 0x000000008f800000|  0%| F|  |TAMS 0x000000008f700000, 0x000000008f700000| Untracked 
| 248|0x000000008f800000, 0x000000008f800000, 0x000000008f900000|  0%| F|  |TAMS 0x000000008f800000, 0x000000008f800000| Untracked 
| 249|0x000000008f900000, 0x000000008f900000, 0x000000008fa00000|  0%| F|  |TAMS 0x000000008f900000, 0x000000008f900000| Untracked 
| 250|0x000000008fa00000, 0x000000008fa00000, 0x000000008fb00000|  0%| F|  |TAMS 0x000000008fa00000, 0x000000008fa00000| Untracked 
| 251|0x000000008fb00000, 0x000000008fb00000, 0x000000008fc00000|  0%| F|  |TAMS 0x000000008fb00000, 0x000000008fb00000| Untracked 
| 252|0x000000008fc00000, 0x000000008fc00000, 0x000000008fd00000|  0%| F|  |TAMS 0x000000008fc00000, 0x000000008fc00000| Untracked 
| 253|0x000000008fd00000, 0x000000008fd00000, 0x000000008fe00000|  0%| F|  |TAMS 0x000000008fd00000, 0x000000008fd00000| Untracked 
| 254|0x000000008fe00000, 0x000000008fe00000, 0x000000008ff00000|  0%| F|  |TAMS 0x000000008fe00000, 0x000000008fe00000| Untracked 
| 255|0x000000008ff00000, 0x000000008ff00000, 0x0000000090000000|  0%| F|  |TAMS 0x000000008ff00000, 0x000000008ff00000| Untracked 
| 256|0x0000000090000000, 0x0000000090000000, 0x0000000090100000|  0%| F|  |TAMS 0x0000000090000000, 0x0000000090000000| Untracked 
| 257|0x0000000090100000, 0x0000000090100000, 0x0000000090200000|  0%| F|  |TAMS 0x0000000090100000, 0x0000000090100000| Untracked 
| 258|0x0000000090200000, 0x0000000090200000, 0x0000000090300000|  0%| F|  |TAMS 0x0000000090200000, 0x0000000090200000| Untracked 
| 259|0x0000000090300000, 0x0000000090300000, 0x0000000090400000|  0%| F|  |TAMS 0x0000000090300000, 0x0000000090300000| Untracked 
| 260|0x0000000090400000, 0x0000000090400000, 0x0000000090500000|  0%| F|  |TAMS 0x0000000090400000, 0x0000000090400000| Untracked 
| 261|0x0000000090500000, 0x0000000090500000, 0x0000000090600000|  0%| F|  |TAMS 0x0000000090500000, 0x0000000090500000| Untracked 
| 262|0x0000000090600000, 0x0000000090600000, 0x0000000090700000|  0%| F|  |TAMS 0x0000000090600000, 0x0000000090600000| Untracked 
| 263|0x0000000090700000, 0x0000000090700000, 0x0000000090800000|  0%| F|  |TAMS 0x0000000090700000, 0x0000000090700000| Untracked 
| 264|0x0000000090800000, 0x0000000090800000, 0x0000000090900000|  0%| F|  |TAMS 0x0000000090800000, 0x0000000090800000| Untracked 
| 265|0x0000000090900000, 0x0000000090900000, 0x0000000090a00000|  0%| F|  |TAMS 0x0000000090900000, 0x0000000090900000| Untracked 
| 266|0x0000000090a00000, 0x0000000090a00000, 0x0000000090b00000|  0%| F|  |TAMS 0x0000000090a00000, 0x0000000090a00000| Untracked 
| 267|0x0000000090b00000, 0x0000000090b00000, 0x0000000090c00000|  0%| F|  |TAMS 0x0000000090b00000, 0x0000000090b00000| Untracked 
| 268|0x0000000090c00000, 0x0000000090c00000, 0x0000000090d00000|  0%| F|  |TAMS 0x0000000090c00000, 0x0000000090c00000| Untracked 
| 269|0x0000000090d00000, 0x0000000090d00000, 0x0000000090e00000|  0%| F|  |TAMS 0x0000000090d00000, 0x0000000090d00000| Untracked 
| 270|0x0000000090e00000, 0x0000000090e00000, 0x0000000090f00000|  0%| F|  |TAMS 0x0000000090e00000, 0x0000000090e00000| Untracked 
| 271|0x0000000090f00000, 0x0000000090f00000, 0x0000000091000000|  0%| F|  |TAMS 0x0000000090f00000, 0x0000000090f00000| Untracked 
| 272|0x0000000091000000, 0x0000000091000000, 0x0000000091100000|  0%| F|  |TAMS 0x0000000091000000, 0x0000000091000000| Untracked 
| 273|0x0000000091100000, 0x0000000091100000, 0x0000000091200000|  0%| F|  |TAMS 0x0000000091100000, 0x0000000091100000| Untracked 
| 274|0x0000000091200000, 0x0000000091200000, 0x0000000091300000|  0%| F|  |TAMS 0x0000000091200000, 0x0000000091200000| Untracked 
| 275|0x0000000091300000, 0x0000000091300000, 0x0000000091400000|  0%| F|  |TAMS 0x0000000091300000, 0x0000000091300000| Untracked 
| 276|0x0000000091400000, 0x0000000091400000, 0x0000000091500000|  0%| F|  |TAMS 0x0000000091400000, 0x0000000091400000| Untracked 
| 277|0x0000000091500000, 0x0000000091500000, 0x0000000091600000|  0%| F|  |TAMS 0x0000000091500000, 0x0000000091500000| Untracked 
| 278|0x0000000091600000, 0x0000000091600000, 0x0000000091700000|  0%| F|  |TAMS 0x0000000091600000, 0x0000000091600000| Untracked 
| 279|0x0000000091700000, 0x0000000091700000, 0x0000000091800000|  0%| F|  |TAMS 0x0000000091700000, 0x0000000091700000| Untracked 
| 280|0x0000000091800000, 0x0000000091800000, 0x0000000091900000|  0%| F|  |TAMS 0x0000000091800000, 0x0000000091800000| Untracked 
| 281|0x0000000091900000, 0x0000000091900000, 0x0000000091a00000|  0%| F|  |TAMS 0x0000000091900000, 0x0000000091900000| Untracked 
| 282|0x0000000091a00000, 0x0000000091a00000, 0x0000000091b00000|  0%| F|  |TAMS 0x0000000091a00000, 0x0000000091a00000| Untracked 
| 283|0x0000000091b00000, 0x0000000091b00000, 0x0000000091c00000|  0%| F|  |TAMS 0x0000000091b00000, 0x0000000091b00000| Untracked 
| 284|0x0000000091c00000, 0x0000000091c00000, 0x0000000091d00000|  0%| F|  |TAMS 0x0000000091c00000, 0x0000000091c00000| Untracked 
| 285|0x0000000091d00000, 0x0000000091d00000, 0x0000000091e00000|  0%| F|  |TAMS 0x0000000091d00000, 0x0000000091d00000| Untracked 
| 286|0x0000000091e00000, 0x0000000091e00000, 0x0000000091f00000|  0%| F|  |TAMS 0x0000000091e00000, 0x0000000091e00000| Untracked 
| 287|0x0000000091f00000, 0x0000000091f00000, 0x0000000092000000|  0%| F|  |TAMS 0x0000000091f00000, 0x0000000091f00000| Untracked 
| 288|0x0000000092000000, 0x0000000092000000, 0x0000000092100000|  0%| F|  |TAMS 0x0000000092000000, 0x0000000092000000| Untracked 
| 289|0x0000000092100000, 0x0000000092100000, 0x0000000092200000|  0%| F|  |TAMS 0x0000000092100000, 0x0000000092100000| Untracked 
| 290|0x0000000092200000, 0x0000000092200000, 0x0000000092300000|  0%| F|  |TAMS 0x0000000092200000, 0x0000000092200000| Untracked 
| 291|0x0000000092300000, 0x0000000092300000, 0x0000000092400000|  0%| F|  |TAMS 0x0000000092300000, 0x0000000092300000| Untracked 
| 292|0x0000000092400000, 0x0000000092400000, 0x0000000092500000|  0%| F|  |TAMS 0x0000000092400000, 0x0000000092400000| Untracked 
| 293|0x0000000092500000, 0x0000000092500000, 0x0000000092600000|  0%| F|  |TAMS 0x0000000092500000, 0x0000000092500000| Untracked 
| 294|0x0000000092600000, 0x0000000092600000, 0x0000000092700000|  0%| F|  |TAMS 0x0000000092600000, 0x0000000092600000| Untracked 
| 295|0x0000000092700000, 0x0000000092700000, 0x0000000092800000|  0%| F|  |TAMS 0x0000000092700000, 0x0000000092700000| Untracked 
| 296|0x0000000092800000, 0x0000000092800000, 0x0000000092900000|  0%| F|  |TAMS 0x0000000092800000, 0x0000000092800000| Untracked 
| 297|0x0000000092900000, 0x0000000092900000, 0x0000000092a00000|  0%| F|  |TAMS 0x0000000092900000, 0x0000000092900000| Untracked 
| 298|0x0000000092a00000, 0x0000000092a00000, 0x0000000092b00000|  0%| F|  |TAMS 0x0000000092a00000, 0x0000000092a00000| Untracked 
| 299|0x0000000092b00000, 0x0000000092b00000, 0x0000000092c00000|  0%| F|  |TAMS 0x0000000092b00000, 0x0000000092b00000| Untracked 
| 300|0x0000000092c00000, 0x0000000092c00000, 0x0000000092d00000|  0%| F|  |TAMS 0x0000000092c00000, 0x0000000092c00000| Untracked 
| 301|0x0000000092d00000, 0x0000000092d00000, 0x0000000092e00000|  0%| F|  |TAMS 0x0000000092d00000, 0x0000000092d00000| Untracked 
| 302|0x0000000092e00000, 0x0000000092e00000, 0x0000000092f00000|  0%| F|  |TAMS 0x0000000092e00000, 0x0000000092e00000| Untracked 
| 303|0x0000000092f00000, 0x0000000092f00000, 0x0000000093000000|  0%| F|  |TAMS 0x0000000092f00000, 0x0000000092f00000| Untracked 
| 304|0x0000000093000000, 0x0000000093000000, 0x0000000093100000|  0%| F|  |TAMS 0x0000000093000000, 0x0000000093000000| Untracked 
| 305|0x0000000093100000, 0x0000000093100000, 0x0000000093200000|  0%| F|  |TAMS 0x0000000093100000, 0x0000000093100000| Untracked 
| 306|0x0000000093200000, 0x0000000093200000, 0x0000000093300000|  0%| F|  |TAMS 0x0000000093200000, 0x0000000093200000| Untracked 
| 307|0x0000000093300000, 0x0000000093300000, 0x0000000093400000|  0%| F|  |TAMS 0x0000000093300000, 0x0000000093300000| Untracked 
| 308|0x0000000093400000, 0x0000000093400000, 0x0000000093500000|  0%| F|  |TAMS 0x0000000093400000, 0x0000000093400000| Untracked 
| 309|0x0000000093500000, 0x0000000093500000, 0x0000000093600000|  0%| F|  |TAMS 0x0000000093500000, 0x0000000093500000| Untracked 
| 310|0x0000000093600000, 0x0000000093600000, 0x0000000093700000|  0%| F|  |TAMS 0x0000000093600000, 0x0000000093600000| Untracked 
| 311|0x0000000093700000, 0x0000000093700000, 0x0000000093800000|  0%| F|  |TAMS 0x0000000093700000, 0x0000000093700000| Untracked 
| 312|0x0000000093800000, 0x0000000093800000, 0x0000000093900000|  0%| F|  |TAMS 0x0000000093800000, 0x0000000093800000| Untracked 
| 313|0x0000000093900000, 0x0000000093900000, 0x0000000093a00000|  0%| F|  |TAMS 0x0000000093900000, 0x0000000093900000| Untracked 
| 314|0x0000000093a00000, 0x0000000093a00000, 0x0000000093b00000|  0%| F|  |TAMS 0x0000000093a00000, 0x0000000093a00000| Untracked 
| 315|0x0000000093b00000, 0x0000000093b00000, 0x0000000093c00000|  0%| F|  |TAMS 0x0000000093b00000, 0x0000000093b00000| Untracked 
| 316|0x0000000093c00000, 0x0000000093c00000, 0x0000000093d00000|  0%| F|  |TAMS 0x0000000093c00000, 0x0000000093c00000| Untracked 
| 317|0x0000000093d00000, 0x0000000093d00000, 0x0000000093e00000|  0%| F|  |TAMS 0x0000000093d00000, 0x0000000093d00000| Untracked 
| 318|0x0000000093e00000, 0x0000000093e00000, 0x0000000093f00000|  0%| F|  |TAMS 0x0000000093e00000, 0x0000000093e00000| Untracked 
| 319|0x0000000093f00000, 0x0000000093f00000, 0x0000000094000000|  0%| F|  |TAMS 0x0000000093f00000, 0x0000000093f00000| Untracked 
| 320|0x0000000094000000, 0x0000000094000000, 0x0000000094100000|  0%| F|  |TAMS 0x0000000094000000, 0x0000000094000000| Untracked 
| 321|0x0000000094100000, 0x0000000094100000, 0x0000000094200000|  0%| F|  |TAMS 0x0000000094100000, 0x0000000094100000| Untracked 
| 322|0x0000000094200000, 0x0000000094200000, 0x0000000094300000|  0%| F|  |TAMS 0x0000000094200000, 0x0000000094200000| Untracked 
| 323|0x0000000094300000, 0x0000000094300000, 0x0000000094400000|  0%| F|  |TAMS 0x0000000094300000, 0x0000000094300000| Untracked 
| 324|0x0000000094400000, 0x0000000094400000, 0x0000000094500000|  0%| F|  |TAMS 0x0000000094400000, 0x0000000094400000| Untracked 
| 325|0x0000000094500000, 0x0000000094500000, 0x0000000094600000|  0%| F|  |TAMS 0x0000000094500000, 0x0000000094500000| Untracked 
| 326|0x0000000094600000, 0x0000000094600000, 0x0000000094700000|  0%| F|  |TAMS 0x0000000094600000, 0x0000000094600000| Untracked 
| 327|0x0000000094700000, 0x0000000094700000, 0x0000000094800000|  0%| F|  |TAMS 0x0000000094700000, 0x0000000094700000| Untracked 
| 328|0x0000000094800000, 0x0000000094800000, 0x0000000094900000|  0%| F|  |TAMS 0x0000000094800000, 0x0000000094800000| Untracked 
| 329|0x0000000094900000, 0x0000000094900000, 0x0000000094a00000|  0%| F|  |TAMS 0x0000000094900000, 0x0000000094900000| Untracked 
| 330|0x0000000094a00000, 0x0000000094a00000, 0x0000000094b00000|  0%| F|  |TAMS 0x0000000094a00000, 0x0000000094a00000| Untracked 
| 331|0x0000000094b00000, 0x0000000094b00000, 0x0000000094c00000|  0%| F|  |TAMS 0x0000000094b00000, 0x0000000094b00000| Untracked 
| 332|0x0000000094c00000, 0x0000000094c00000, 0x0000000094d00000|  0%| F|  |TAMS 0x0000000094c00000, 0x0000000094c00000| Untracked 
| 333|0x0000000094d00000, 0x0000000094d00000, 0x0000000094e00000|  0%| F|  |TAMS 0x0000000094d00000, 0x0000000094d00000| Untracked 
| 334|0x0000000094e00000, 0x0000000094e00000, 0x0000000094f00000|  0%| F|  |TAMS 0x0000000094e00000, 0x0000000094e00000| Untracked 
| 335|0x0000000094f00000, 0x0000000094f00000, 0x0000000095000000|  0%| F|  |TAMS 0x0000000094f00000, 0x0000000094f00000| Untracked 
| 336|0x0000000095000000, 0x0000000095000000, 0x0000000095100000|  0%| F|  |TAMS 0x0000000095000000, 0x0000000095000000| Untracked 
| 337|0x0000000095100000, 0x0000000095100000, 0x0000000095200000|  0%| F|  |TAMS 0x0000000095100000, 0x0000000095100000| Untracked 
| 338|0x0000000095200000, 0x0000000095200000, 0x0000000095300000|  0%| F|  |TAMS 0x0000000095200000, 0x0000000095200000| Untracked 
| 339|0x0000000095300000, 0x0000000095300000, 0x0000000095400000|  0%| F|  |TAMS 0x0000000095300000, 0x0000000095300000| Untracked 
| 340|0x0000000095400000, 0x0000000095400000, 0x0000000095500000|  0%| F|  |TAMS 0x0000000095400000, 0x0000000095400000| Untracked 
| 341|0x0000000095500000, 0x0000000095500000, 0x0000000095600000|  0%| F|  |TAMS 0x0000000095500000, 0x0000000095500000| Untracked 
| 342|0x0000000095600000, 0x0000000095600000, 0x0000000095700000|  0%| F|  |TAMS 0x0000000095600000, 0x0000000095600000| Untracked 
| 343|0x0000000095700000, 0x0000000095700000, 0x0000000095800000|  0%| F|  |TAMS 0x0000000095700000, 0x0000000095700000| Untracked 
| 344|0x0000000095800000, 0x0000000095800000, 0x0000000095900000|  0%| F|  |TAMS 0x0000000095800000, 0x0000000095800000| Untracked 
| 345|0x0000000095900000, 0x0000000095900000, 0x0000000095a00000|  0%| F|  |TAMS 0x0000000095900000, 0x0000000095900000| Untracked 
| 346|0x0000000095a00000, 0x0000000095a00000, 0x0000000095b00000|  0%| F|  |TAMS 0x0000000095a00000, 0x0000000095a00000| Untracked 
| 347|0x0000000095b00000, 0x0000000095b00000, 0x0000000095c00000|  0%| F|  |TAMS 0x0000000095b00000, 0x0000000095b00000| Untracked 
| 348|0x0000000095c00000, 0x0000000095c00000, 0x0000000095d00000|  0%| F|  |TAMS 0x0000000095c00000, 0x0000000095c00000| Untracked 
| 349|0x0000000095d00000, 0x0000000095e00000, 0x0000000095e00000|100%| S|CS|TAMS 0x0000000095d00000, 0x0000000095d00000| Complete 
| 350|0x0000000095e00000, 0x0000000095f00000, 0x0000000095f00000|100%| S|CS|TAMS 0x0000000095e00000, 0x0000000095e00000| Complete 
| 351|0x0000000095f00000, 0x0000000095f00000, 0x0000000096000000|  0%| F|  |TAMS 0x0000000095f00000, 0x0000000095f00000| Untracked 
| 352|0x0000000096000000, 0x0000000096000000, 0x0000000096100000|  0%| F|  |TAMS 0x0000000096000000, 0x0000000096000000| Untracked 
| 353|0x0000000096100000, 0x0000000096100000, 0x0000000096200000|  0%| F|  |TAMS 0x0000000096100000, 0x0000000096100000| Untracked 
| 354|0x0000000096200000, 0x0000000096200000, 0x0000000096300000|  0%| F|  |TAMS 0x0000000096200000, 0x0000000096200000| Untracked 
| 355|0x0000000096300000, 0x0000000096300000, 0x0000000096400000|  0%| F|  |TAMS 0x0000000096300000, 0x0000000096300000| Untracked 
| 356|0x0000000096400000, 0x0000000096400000, 0x0000000096500000|  0%| F|  |TAMS 0x0000000096400000, 0x0000000096400000| Untracked 
| 357|0x0000000096500000, 0x0000000096500000, 0x0000000096600000|  0%| F|  |TAMS 0x0000000096500000, 0x0000000096500000| Untracked 
| 358|0x0000000096600000, 0x0000000096600000, 0x0000000096700000|  0%| F|  |TAMS 0x0000000096600000, 0x0000000096600000| Untracked 
| 359|0x0000000096700000, 0x0000000096700000, 0x0000000096800000|  0%| F|  |TAMS 0x0000000096700000, 0x0000000096700000| Untracked 
| 360|0x0000000096800000, 0x0000000096800000, 0x0000000096900000|  0%| F|  |TAMS 0x0000000096800000, 0x0000000096800000| Untracked 
| 361|0x0000000096900000, 0x0000000096900000, 0x0000000096a00000|  0%| F|  |TAMS 0x0000000096900000, 0x0000000096900000| Untracked 
| 362|0x0000000096a00000, 0x0000000096a00000, 0x0000000096b00000|  0%| F|  |TAMS 0x0000000096a00000, 0x0000000096a00000| Untracked 

Card table byte_map: [0x0000000015a30000,0x0000000015e30000] _byte_map_base: 0x0000000015630000

Marking Bits (Prev, Next): (CMBitMap*) 0x00000000001427b8, (CMBitMap*) 0x00000000001427f0
 Prev Bits: [0x0000000016230000, 0x0000000018230000)
 Next Bits: [0x0000000018230000, 0x000000001a230000)

Polling page: 0x0000000000330000

Metaspace:

Usage:
  Non-class:    128.61 MB capacity,   125.68 MB ( 98%) used,     2.43 MB (  2%) free+waste,   510.88 KB ( <1%) overhead. 
      Class:     19.47 MB capacity,    17.89 MB ( 92%) used,     1.36 MB (  7%) free+waste,   222.88 KB (  1%) overhead. 
       Both:    148.08 MB capacity,   143.57 MB ( 97%) used,     3.79 MB (  3%) free+waste,   733.75 KB ( <1%) overhead. 

Virtual space:
  Non-class space:      130.00 MB reserved,     128.75 MB (>99%) committed 
      Class space:        1.00 GB reserved,      19.50 MB (  2%) committed 
             Both:        1.13 GB reserved,     148.25 MB ( 13%) committed 

Chunk freelists:
   Non-Class:  16.00 KB
       Class:  0 bytes
        Both:  16.00 KB

MaxMetaspaceSize: 17179869184.00 GB
CompressedClassSpaceSize: 1.00 GB

CodeHeap 'non-profiled nmethods': size=120064Kb used=15542Kb max_used=15542Kb free=104521Kb
 bounds [0x000000000db60000, 0x000000000eaa0000, 0x00000000150a0000]
CodeHeap 'profiled nmethods': size=120000Kb used=57301Kb max_used=57301Kb free=62698Kb
 bounds [0x0000000006630000, 0x0000000009e50000, 0x000000000db60000]
CodeHeap 'non-nmethods': size=5696Kb used=2384Kb max_used=2457Kb free=3311Kb
 bounds [0x00000000060a0000, 0x0000000006320000, 0x0000000006630000]
 total_blobs=24680 nmethods=23640 adapters=950
 compilation: enabled
              stopped_count=0, restarted_count=0
 full_count=0

Compilation events (20 events):
Event: 1625.638 Thread 0x000000005d5c1800 26348       3       com.android.tools.r8.graph.z$$Lambda$1566/0x000000001dcf9c40::apply (14 bytes)
Event: 1625.638 Thread 0x000000005d5c1800 nmethod 26348 0x0000000009e47c10 code [0x0000000009e47de0, 0x0000000009e48088]
Event: 1625.641 Thread 0x000000005d5c0000 nmethod 26342 0x000000000ea8d190 code [0x000000000ea8d360, 0x000000000ea8d9a8]
Event: 1625.641 Thread 0x000000005d5c0000 26350       4       com.android.tools.r8.internal.ad::iterator (23 bytes)
Event: 1625.644 Thread 0x000000005d5c0000 nmethod 26350 0x000000000ea8dd10 code [0x000000000ea8dec0, 0x000000000ea8e1b8]
Event: 1625.644 Thread 0x000000005d5c0000 26351       4       java.lang.reflect.Array::newInstance (6 bytes)
Event: 1625.645 Thread 0x000000005d5c0000 nmethod 26351 0x000000000ea8e310 code [0x000000000ea8e4a0, 0x000000000ea8e5f8]
Event: 1625.645 Thread 0x000000005d5c0000 26349       4       com.android.tools.r8.internal.sj::iterator (35 bytes)
Event: 1625.648 Thread 0x000000005d5c0000 nmethod 26349 0x000000000ea8e710 code [0x000000000ea8e8c0, 0x000000000ea8eb58]
Event: 1625.648 Thread 0x000000005d5c0000 26343       4       com.android.tools.r8.graph.t::<init> (15 bytes)
Event: 1625.650 Thread 0x000000005d5c0000 nmethod 26343 0x000000000ea8ed10 code [0x000000000ea8eea0, 0x000000000ea8f078]
Event: 1625.650 Thread 0x000000005d5c0000 26356       4       com.android.tools.r8.dex.b$$Lambda$1756/0x000000001de1f440::accept (12 bytes)
Event: 1625.657 Thread 0x000000005d5c0000 nmethod 26356 0x000000000ea8f110 code [0x000000000ea8f300, 0x000000000ea8f948]
Event: 1625.657 Thread 0x000000005d5c0000 26357       4       com.android.tools.r8.internal.Rh::c (32 bytes)
Event: 1625.657 Thread 0x000000005d5c0000 nmethod 26357 0x000000000ea8fd10 code [0x000000000ea8fea0, 0x000000000ea8fef8]
Event: 1625.657 Thread 0x000000005d5c0000 26358       4       com.android.tools.r8.utils.V$$Lambda$1546/0x000000001dd3c840::accept (21 bytes)
Event: 1625.674 Thread 0x000000005d5c1800 26363       1       com.android.tools.r8.graph.v0$j::j (5 bytes)
Event: 1625.674 Thread 0x000000005d5c1800 nmethod 26363 0x000000000ea8ff90 code [0x000000000ea90140, 0x000000000ea901f8]
Event: 1625.674 Thread 0x000000005d5c1800 26364       2       com.android.tools.r8.graph.S0::a (9 bytes)
Event: 1625.675 Thread 0x000000005d5c1800 nmethod 26364 0x0000000009e48190 code [0x0000000009e48340, 0x0000000009e48468]

GC Heap History (20 events):
Event: 1615.838 GC heap after
{Heap after GC invocations=168 (full 0):
 garbage-first heap   total 309248K, used 152401K [0x0000000080000000, 0x0000000100000000)
  region size 1024K, 3 young (3072K), 3 survivors (3072K)
 Metaspace       used 146381K, capacity 150885K, committed 151040K, reserved 1179648K
  class space    used 18281K, capacity 19869K, committed 19968K, reserved 1048576K
}
Event: 1617.456 GC heap before
{Heap before GC invocations=169 (full 0):
 garbage-first heap   total 309248K, used 212817K [0x0000000080000000, 0x0000000100000000)
  region size 1024K, 56 young (57344K), 3 survivors (3072K)
 Metaspace       used 146485K, capacity 150967K, committed 151296K, reserved 1181696K
  class space    used 18290K, capacity 19873K, committed 19968K, reserved 1048576K
}
Event: 1617.539 GC heap after
{Heap after GC invocations=170 (full 0):
 garbage-first heap   total 309248K, used 167334K [0x0000000080000000, 0x0000000100000000)
  region size 1024K, 7 young (7168K), 7 survivors (7168K)
 Metaspace       used 146485K, capacity 150967K, committed 151296K, reserved 1181696K
  class space    used 18290K, capacity 19873K, committed 19968K, reserved 1048576K
}
Event: 1617.661 GC heap before
{Heap before GC invocations=170 (full 0):
 garbage-first heap   total 309248K, used 175526K [0x0000000080000000, 0x0000000100000000)
  region size 1024K, 15 young (15360K), 7 survivors (7168K)
 Metaspace       used 146495K, capacity 150976K, committed 151296K, reserved 1181696K
  class space    used 18291K, capacity 19876K, committed 19968K, reserved 1048576K
}
Event: 1617.710 GC heap after
{Heap after GC invocations=171 (full 0):
 garbage-first heap   total 309248K, used 165888K [0x0000000080000000, 0x0000000100000000)
  region size 1024K, 1 young (1024K), 1 survivors (1024K)
 Metaspace       used 146495K, capacity 150976K, committed 151296K, reserved 1181696K
  class space    used 18291K, capacity 19876K, committed 19968K, reserved 1048576K
}
Event: 1618.179 GC heap before
{Heap before GC invocations=171 (full 0):
 garbage-first heap   total 309248K, used 204800K [0x0000000080000000, 0x0000000100000000)
  region size 1024K, 41 young (41984K), 1 survivors (1024K)
 Metaspace       used 146554K, capacity 151043K, committed 151296K, reserved 1181696K
  class space    used 18292K, capacity 19876K, committed 19968K, reserved 1048576K
}
Event: 1618.205 GC heap after
{Heap after GC invocations=172 (full 0):
 garbage-first heap   total 309248K, used 168343K [0x0000000080000000, 0x0000000100000000)
  region size 1024K, 4 young (4096K), 4 survivors (4096K)
 Metaspace       used 146554K, capacity 151043K, committed 151296K, reserved 1181696K
  class space    used 18292K, capacity 19876K, committed 19968K, reserved 1048576K
}
Event: 1619.251 GC heap before
{Heap before GC invocations=173 (full 0):
 garbage-first heap   total 309248K, used 228759K [0x0000000080000000, 0x0000000100000000)
  region size 1024K, 66 young (67584K), 4 survivors (4096K)
 Metaspace       used 146686K, capacity 151171K, committed 151296K, reserved 1181696K
  class space    used 18306K, capacity 19916K, committed 19968K, reserved 1048576K
}
Event: 1619.277 GC heap after
{Heap after GC invocations=174 (full 0):
 garbage-first heap   total 309248K, used 164570K [0x0000000080000000, 0x0000000100000000)
  region size 1024K, 5 young (5120K), 5 survivors (5120K)
 Metaspace       used 146686K, capacity 151171K, committed 151296K, reserved 1181696K
  class space    used 18306K, capacity 19916K, committed 19968K, reserved 1048576K
}
Event: 1619.343 GC heap before
{Heap before GC invocations=174 (full 0):
 garbage-first heap   total 309248K, used 174810K [0x0000000080000000, 0x0000000100000000)
  region size 1024K, 15 young (15360K), 5 survivors (5120K)
 Metaspace       used 146688K, capacity 151171K, committed 151296K, reserved 1181696K
  class space    used 18306K, capacity 19916K, committed 19968K, reserved 1048576K
}
Event: 1619.379 GC heap after
{Heap after GC invocations=175 (full 0):
 garbage-first heap   total 309248K, used 154599K [0x0000000080000000, 0x0000000100000000)
  region size 1024K, 2 young (2048K), 2 survivors (2048K)
 Metaspace       used 146688K, capacity 151171K, committed 151296K, reserved 1181696K
  class space    used 18306K, capacity 19916K, committed 19968K, reserved 1048576K
}
Event: 1619.818 GC heap before
{Heap before GC invocations=175 (full 0):
 garbage-first heap   total 309248K, used 231399K [0x0000000080000000, 0x0000000100000000)
  region size 1024K, 77 young (78848K), 2 survivors (2048K)
 Metaspace       used 146761K, capacity 151242K, committed 151296K, reserved 1181696K
  class space    used 18307K, capacity 19917K, committed 19968K, reserved 1048576K
}
Event: 1619.870 GC heap after
{Heap after GC invocations=176 (full 0):
 garbage-first heap   total 371712K, used 155238K [0x0000000080000000, 0x0000000100000000)
  region size 1024K, 2 young (2048K), 2 survivors (2048K)
 Metaspace       used 146761K, capacity 151242K, committed 151296K, reserved 1181696K
  class space    used 18307K, capacity 19917K, committed 19968K, reserved 1048576K
}
Event: 1623.650 GC heap before
{Heap before GC invocations=177 (full 0):
 garbage-first heap   total 371712K, used 291430K [0x0000000080000000, 0x0000000100000000)
  region size 1024K, 120 young (122880K), 2 survivors (2048K)
 Metaspace       used 146978K, capacity 151504K, committed 151552K, reserved 1181696K
  class space    used 18318K, capacity 19938K, committed 19968K, reserved 1048576K
}
Event: 1624.054 GC heap after
{Heap after GC invocations=178 (full 0):
 garbage-first heap   total 371712K, used 190147K [0x0000000080000000, 0x0000000100000000)
  region size 1024K, 15 young (15360K), 15 survivors (15360K)
 Metaspace       used 146978K, capacity 151504K, committed 151552K, reserved 1181696K
  class space    used 18318K, capacity 19938K, committed 19968K, reserved 1048576K
}
Event: 1624.076 GC heap before
{Heap before GC invocations=178 (full 0):
 garbage-first heap   total 371712K, used 192195K [0x0000000080000000, 0x0000000100000000)
  region size 1024K, 18 young (18432K), 15 survivors (15360K)
 Metaspace       used 146978K, capacity 151504K, committed 151552K, reserved 1181696K
  class space    used 18318K, capacity 19938K, committed 19968K, reserved 1048576K
}
Event: 1624.195 GC heap after
{Heap after GC invocations=179 (full 0):
 garbage-first heap   total 371712K, used 192075K [0x0000000080000000, 0x0000000100000000)
  region size 1024K, 2 young (2048K), 2 survivors (2048K)
 Metaspace       used 146978K, capacity 151504K, committed 151552K, reserved 1181696K
  class space    used 18318K, capacity 19938K, committed 19968K, reserved 1048576K
}
Event: 1624.492 GC heap before
{Heap before GC invocations=179 (full 0):
 garbage-first heap   total 371712K, used 237131K [0x0000000080000000, 0x0000000100000000)
  region size 1024K, 46 young (47104K), 2 survivors (2048K)
 Metaspace       used 147012K, capacity 151634K, committed 151808K, reserved 1181696K
  class space    used 18318K, capacity 19938K, committed 19968K, reserved 1048576K
}
Event: 1625.162 GC heap after
{Heap after GC invocations=180 (full 0):
 garbage-first heap   total 371712K, used 208128K [0x0000000080000000, 0x0000000100000000)
  region size 1024K, 6 young (6144K), 6 survivors (6144K)
 Metaspace       used 147012K, capacity 151634K, committed 151808K, reserved 1181696K
  class space    used 18318K, capacity 19938K, committed 19968K, reserved 1048576K
}
Event: 1625.684 GC heap before
{Heap before GC invocations=180 (full 0):
 garbage-first heap   total 371712K, used 212992K [0x0000000080000000, 0x0000000100000000)
  region size 1024K, 18 young (18432K), 6 survivors (6144K)
 Metaspace       used 147014K, capacity 151634K, committed 151808K, reserved 1181696K
  class space    used 18318K, capacity 19938K, committed 19968K, reserved 1048576K
}

Deoptimization events (20 events):
Event: 1623.620 Thread 0x0000000068013000 DEOPT PACKING pc=0x0000000006faee9a sp=0x0000000064f1dde0
Event: 1623.620 Thread 0x0000000068013000 DEOPT UNPACKING pc=0x00000000060c69bf sp=0x0000000064f1d2a8 mode 0
Event: 1624.348 Thread 0x000000005fb8b000 DEOPT PACKING pc=0x0000000006a62543 sp=0x00000000711ddae0
Event: 1624.348 Thread 0x000000005fb8b000 DEOPT UNPACKING pc=0x00000000060c69bf sp=0x00000000711dcf98 mode 0
Event: 1624.398 Thread 0x000000005fb8b000 DEOPT PACKING pc=0x000000000820d59a sp=0x00000000711ddc50
Event: 1624.398 Thread 0x000000005fb8b000 DEOPT UNPACKING pc=0x00000000060c69bf sp=0x00000000711dd1c8 mode 0
Event: 1624.417 Thread 0x000000005fb8b000 DEOPT PACKING pc=0x0000000006a62543 sp=0x00000000711dd4e0
Event: 1624.417 Thread 0x000000005fb8b000 DEOPT UNPACKING pc=0x00000000060c69bf sp=0x00000000711dc998 mode 0
Event: 1624.437 Thread 0x000000005fb8b000 DEOPT PACKING pc=0x0000000006a62543 sp=0x00000000711dd4e0
Event: 1624.437 Thread 0x000000005fb8b000 DEOPT UNPACKING pc=0x00000000060c69bf sp=0x00000000711dc998 mode 0
Event: 1624.455 Thread 0x000000005fb8b000 DEOPT PACKING pc=0x00000000070154ff sp=0x00000000711dd690
Event: 1624.455 Thread 0x000000005fb8b000 DEOPT UNPACKING pc=0x00000000060c69bf sp=0x00000000711dcb78 mode 0
Event: 1624.457 Thread 0x000000005fb8b000 DEOPT PACKING pc=0x0000000007004575 sp=0x00000000711dd6a0
Event: 1624.457 Thread 0x000000005fb8b000 DEOPT UNPACKING pc=0x00000000060c69bf sp=0x00000000711dcb80 mode 0
Event: 1624.472 Thread 0x000000005fb8b000 DEOPT PACKING pc=0x0000000009e3b1f9 sp=0x00000000711dd620
Event: 1624.472 Thread 0x000000005fb8b000 DEOPT UNPACKING pc=0x00000000060c69bf sp=0x00000000711dcb28 mode 0
Event: 1624.474 Thread 0x000000005fb8b000 DEOPT PACKING pc=0x0000000006a62543 sp=0x00000000711dd9a0
Event: 1624.474 Thread 0x000000005fb8b000 DEOPT UNPACKING pc=0x00000000060c69bf sp=0x00000000711dce58 mode 0
Event: 1625.674 Thread 0x000000005fb8b000 DEOPT PACKING pc=0x0000000006a62543 sp=0x00000000711dd970
Event: 1625.674 Thread 0x000000005fb8b000 DEOPT UNPACKING pc=0x00000000060c69bf sp=0x00000000711dce28 mode 0

Classes redefined (0 events):
No events

Internal exceptions (20 events):
Event: 1620.803 Thread 0x000000005fb8b000 Exception <a 'sun/nio/fs/WindowsException'{0x00000000943fdfb8}> (0x00000000943fdfb8) thrown at [./src/hotspot/share/prims/jni.cpp, line 615]
Event: 1620.805 Thread 0x000000005fb8b000 Exception <a 'sun/nio/fs/WindowsException'{0x00000000941c8548}> (0x00000000941c8548) thrown at [./src/hotspot/share/prims/jni.cpp, line 615]
Event: 1620.806 Thread 0x000000005fb8b000 Exception <a 'sun/nio/fs/WindowsException'{0x00000000941d28d8}> (0x00000000941d28d8) thrown at [./src/hotspot/share/prims/jni.cpp, line 615]
Event: 1620.808 Thread 0x000000005fb8b000 Exception <a 'sun/nio/fs/WindowsException'{0x00000000941dd5b0}> (0x00000000941dd5b0) thrown at [./src/hotspot/share/prims/jni.cpp, line 615]
Event: 1620.809 Thread 0x000000005fb8b000 Exception <a 'sun/nio/fs/WindowsException'{0x00000000941e5df0}> (0x00000000941e5df0) thrown at [./src/hotspot/share/prims/jni.cpp, line 615]
Event: 1620.811 Thread 0x000000005fb8b000 Exception <a 'sun/nio/fs/WindowsException'{0x00000000941f7668}> (0x00000000941f7668) thrown at [./src/hotspot/share/prims/jni.cpp, line 615]
Event: 1620.845 Thread 0x000000005fb8b000 Exception <a 'sun/nio/fs/WindowsException'{0x0000000093fc1d48}> (0x0000000093fc1d48) thrown at [./src/hotspot/share/prims/jni.cpp, line 615]
Event: 1620.846 Thread 0x000000005fb8b000 Exception <a 'sun/nio/fs/WindowsException'{0x0000000093fc91c0}> (0x0000000093fc91c0) thrown at [./src/hotspot/share/prims/jni.cpp, line 615]
Event: 1620.848 Thread 0x000000005fb8b000 Exception <a 'sun/nio/fs/WindowsException'{0x0000000093fd0188}> (0x0000000093fd0188) thrown at [./src/hotspot/share/prims/jni.cpp, line 615]
Event: 1620.848 Thread 0x000000005fb8b000 Exception <a 'sun/nio/fs/WindowsException'{0x0000000093fd73e8}> (0x0000000093fd73e8) thrown at [./src/hotspot/share/prims/jni.cpp, line 615]
Event: 1620.849 Thread 0x000000005fb8b000 Exception <a 'sun/nio/fs/WindowsException'{0x0000000093fdf0a8}> (0x0000000093fdf0a8) thrown at [./src/hotspot/share/prims/jni.cpp, line 615]
Event: 1620.850 Thread 0x000000005fb8b000 Exception <a 'sun/nio/fs/WindowsException'{0x0000000093fe6c18}> (0x0000000093fe6c18) thrown at [./src/hotspot/share/prims/jni.cpp, line 615]
Event: 1620.851 Thread 0x000000005fb8b000 Exception <a 'sun/nio/fs/WindowsException'{0x0000000093fee738}> (0x0000000093fee738) thrown at [./src/hotspot/share/prims/jni.cpp, line 615]
Event: 1620.852 Thread 0x000000005fb8b000 Exception <a 'sun/nio/fs/WindowsException'{0x0000000093dc6f50}> (0x0000000093dc6f50) thrown at [./src/hotspot/share/prims/jni.cpp, line 615]
Event: 1620.853 Thread 0x000000005fb8b000 Exception <a 'sun/nio/fs/WindowsException'{0x0000000093dcefb8}> (0x0000000093dcefb8) thrown at [./src/hotspot/share/prims/jni.cpp, line 615]
Event: 1620.854 Thread 0x000000005fb8b000 Exception <a 'sun/nio/fs/WindowsException'{0x0000000093dd69b0}> (0x0000000093dd69b0) thrown at [./src/hotspot/share/prims/jni.cpp, line 615]
Event: 1620.855 Thread 0x000000005fb8b000 Exception <a 'sun/nio/fs/WindowsException'{0x0000000093de6460}> (0x0000000093de6460) thrown at [./src/hotspot/share/prims/jni.cpp, line 615]
Event: 1620.857 Thread 0x000000005fb8b000 Exception <a 'sun/nio/fs/WindowsException'{0x0000000093dee0e8}> (0x0000000093dee0e8) thrown at [./src/hotspot/share/prims/jni.cpp, line 615]
Event: 1622.348 Thread 0x000000005fb8b000 Exception <a 'sun/nio/fs/WindowsException'{0x0000000092e4d930}> (0x0000000092e4d930) thrown at [./src/hotspot/share/prims/jni.cpp, line 615]
Event: 1622.477 Thread 0x000000006233f800 Implicit null exception at 0x000000000e38cd64 to 0x000000000e38cf18

Events (20 events):
Event: 1624.352 Executing VM operation: RevokeBias done
Event: 1624.352 Executing VM operation: RevokeBias
Event: 1624.352 Executing VM operation: RevokeBias done
Event: 1624.352 Executing VM operation: RevokeBias
Event: 1624.353 Executing VM operation: RevokeBias done
Event: 1624.353 Executing VM operation: RevokeBias
Event: 1624.353 Executing VM operation: RevokeBias done
Event: 1624.353 Executing VM operation: RevokeBias
Event: 1624.353 Executing VM operation: RevokeBias done
Event: 1624.353 Executing VM operation: BulkRevokeBias
Event: 1624.354 Executing VM operation: BulkRevokeBias done
Event: 1624.354 Executing VM operation: RevokeBias
Event: 1624.354 Executing VM operation: RevokeBias done
Event: 1624.404 Executing VM operation: RevokeBias
Event: 1624.404 Executing VM operation: RevokeBias done
Event: 1624.492 Executing VM operation: G1CollectForAllocation
Event: 1625.162 Executing VM operation: G1CollectForAllocation done
Event: 1625.498 Executing VM operation: CGC_Operation
Event: 1625.553 Executing VM operation: CGC_Operation done
Event: 1625.682 Executing VM operation: G1CollectForAllocation


Dynamic libraries:
0x000000013ff70000 - 0x000000013ff7a000 	C:\Program Files\Android\Android Studio1\jre\bin\java.exe
0x0000000077c00000 - 0x0000000077daa000 	C:\Windows\SYSTEM32\ntdll.dll
0x00000000779e0000 - 0x0000000077aff000 	C:\Windows\system32\kernel32.dll
0x000007fefdbf0000 - 0x000007fefdc5a000 	C:\Windows\system32\KERNELBASE.dll
0x000007fee02e0000 - 0x000007fee02f9000 	C:\Program Files\Android\Android Studio1\jre\bin\jli.dll
0x000007fefc340000 - 0x000007fefc534000 	C:\Windows\WinSxS\amd64_microsoft.windows.common-controls_6595b64144ccf1df_6.0.7601.18837_none_fa3b1e3d17594757\COMCTL32.dll
0x000007fefe2a0000 - 0x000007fefe33f000 	C:\Windows\system32\msvcrt.dll
0x000007feffcc0000 - 0x000007feffd27000 	C:\Windows\system32\GDI32.dll
0x0000000077b00000 - 0x0000000077bfa000 	C:\Windows\system32\USER32.dll
0x000007fefe8a0000 - 0x000007fefe8ae000 	C:\Windows\system32\LPK.dll
0x000007fefe7d0000 - 0x000007fefe89a000 	C:\Windows\system32\USP10.dll
0x000007fefe980000 - 0x000007fefe9f1000 	C:\Windows\system32\SHLWAPI.dll
0x000007fefb200000 - 0x000007fefb217000 	C:\Program Files\Android\Android Studio1\jre\bin\VCRUNTIME140.dll
0x000007fefc0f0000 - 0x000007fefc0f4000 	C:\Windows\system32\api-ms-win-crt-runtime-l1-1-0.dll
0x000007fef2750000 - 0x000007fef2844000 	C:\Windows\system32\ucrtbase.DLL
0x000007fefb590000 - 0x000007fefb593000 	C:\Windows\system32\api-ms-win-core-timezone-l1-1-0.dll
0x000007fefb1f0000 - 0x000007fefb1f3000 	C:\Windows\system32\api-ms-win-core-file-l2-1-0.dll
0x000007fefb1e0000 - 0x000007fefb1e3000 	C:\Windows\system32\api-ms-win-core-localization-l1-2-0.dll
0x000007fef29a0000 - 0x000007fef29a3000 	C:\Windows\system32\api-ms-win-core-synch-l1-2-0.dll
0x000007fefb1d0000 - 0x000007fefb1d3000 	C:\Windows\system32\api-ms-win-core-processthreads-l1-1-1.dll
0x000007fef33f0000 - 0x000007fef33f3000 	C:\Windows\system32\api-ms-win-core-file-l1-2-0.dll
0x000007fef33e0000 - 0x000007fef33e4000 	C:\Windows\system32\api-ms-win-crt-string-l1-1-0.dll
0x000007fef33d0000 - 0x000007fef33d3000 	C:\Windows\system32\api-ms-win-crt-heap-l1-1-0.dll
0x000007fef2e30000 - 0x000007fef2e34000 	C:\Windows\system32\api-ms-win-crt-stdio-l1-1-0.dll
0x000007fef2990000 - 0x000007fef2994000 	C:\Windows\system32\api-ms-win-crt-convert-l1-1-0.dll
0x000007fef2740000 - 0x000007fef2743000 	C:\Windows\system32\api-ms-win-crt-environment-l1-1-0.dll
0x000007fef2710000 - 0x000007fef2713000 	C:\Windows\system32\api-ms-win-crt-filesystem-l1-1-0.dll
0x000007fef2720000 - 0x000007fef2725000 	C:\Windows\system32\api-ms-win-crt-math-l1-1-0.dll
0x000007fee1180000 - 0x000007fee1183000 	C:\Windows\system32\api-ms-win-crt-locale-l1-1-0.dll
0x000007fefe950000 - 0x000007fefe97e000 	C:\Windows\system32\IMM32.DLL
0x000007fefe360000 - 0x000007fefe469000 	C:\Windows\system32\MSCTF.dll
0x000007fee0cb0000 - 0x000007fee0d4d000 	C:\Program Files\Android\Android Studio1\jre\bin\msvcp140.dll
0x000007fee0a70000 - 0x000007fee0a75000 	C:\Windows\system32\api-ms-win-crt-multibyte-l1-1-0.dll
0x000007fef2700000 - 0x000007fef2703000 	C:\Windows\system32\api-ms-win-crt-time-l1-1-0.dll
0x000007fef2730000 - 0x000007fef2733000 	C:\Windows\system32\api-ms-win-crt-utility-l1-1-0.dll
0x000007fedd630000 - 0x000007fede0ff000 	C:\Program Files\Android\Android Studio1\jre\bin\server\jvm.dll
0x000007fefe6f0000 - 0x000007fefe7cb000 	C:\Windows\system32\ADVAPI32.dll
0x000007fefebe0000 - 0x000007fefebff000 	C:\Windows\SYSTEM32\sechost.dll
0x000007feffde0000 - 0x000007fefff0d000 	C:\Windows\system32\RPCRT4.dll
0x000007fefb4b0000 - 0x000007fefb4b9000 	C:\Windows\system32\WSOCK32.dll
0x000007feffd90000 - 0x000007feffddd000 	C:\Windows\system32\WS2_32.dll
0x000007fefe6e0000 - 0x000007fefe6e8000 	C:\Windows\system32\NSI.dll
0x000007fef75b0000 - 0x000007fef75eb000 	C:\Windows\system32\WINMM.dll
0x000007fefc6e0000 - 0x000007fefc6ec000 	C:\Windows\system32\VERSION.dll
0x0000000077dd0000 - 0x0000000077dd7000 	C:\Windows\system32\PSAPI.DLL
0x000007feefd90000 - 0x000007feefda1000 	C:\Program Files\Android\Android Studio1\jre\bin\verify.dll
0x000007fefa4f0000 - 0x000007fefa615000 	C:\Windows\system32\DBGHELP.DLL
0x000007fee0d90000 - 0x000007fee0db9000 	C:\Program Files\Android\Android Studio1\jre\bin\java.dll
0x000007fef2680000 - 0x000007fef268b000 	C:\Program Files\Android\Android Studio1\jre\bin\jimage.dll
0x000007feefd70000 - 0x000007feefd88000 	C:\Program Files\Android\Android Studio1\jre\bin\zip.dll
0x000007fefef30000 - 0x000007feffcba000 	C:\Windows\system32\SHELL32.dll
0x000007fefddd0000 - 0x000007fefdfcc000 	C:\Windows\system32\ole32.dll
0x000007fefd900000 - 0x000007fefd90f000 	C:\Windows\system32\profapi.dll
0x000007fee0d70000 - 0x000007fee0d8a000 	C:\Program Files\Android\Android Studio1\jre\bin\net.dll
0x000007fef87c0000 - 0x000007fef8831000 	C:\Windows\system32\WINHTTP.dll
0x000007fef8750000 - 0x000007fef87b5000 	C:\Windows\system32\webio.dll
0x000007fefd080000 - 0x000007fefd0d5000 	C:\Windows\system32\mswsock.dll
0x000007fefd070000 - 0x000007fefd077000 	C:\Windows\System32\wship6.dll
0x000007fee0d50000 - 0x000007fee0d64000 	C:\Program Files\Android\Android Studio1\jre\bin\nio.dll
0x000007fee0350000 - 0x000007fee0377000 	D:\AKA_MOVIES\DropUp\gradle\native\8bec1ad78214c89d9ad589b4d07fe93259594b29d510b10fafb7a158f7737e5d\windows-amd64\native-platform.dll
0x000007fede8f0000 - 0x000007fedea2d000 	D:\AKA_MOVIES\DropUp\gradle\native\53dbd7edfb1c66fb8903c78663c9afc45aea4f116125fa6feffd364cf09443e8\windows-amd64\native-platform-file-events.dll
0x000007fef2000000 - 0x000007fef200a000 	C:\Program Files\Android\Android Studio1\jre\bin\management.dll
0x000007feef4f0000 - 0x000007feef4fc000 	C:\Program Files\Android\Android Studio1\jre\bin\management_ext.dll
0x000007fefd0e0000 - 0x000007fefd0f8000 	C:\Windows\system32\CRYPTSP.dll
0x000007fefcde0000 - 0x000007fefce27000 	C:\Windows\system32\rsaenh.dll
0x000007fefda50000 - 0x000007fefda6e000 	C:\Windows\system32\USERENV.dll
0x000007fefd790000 - 0x000007fefd79f000 	C:\Windows\system32\CRYPTBASE.dll
0x000007fefb030000 - 0x000007fefb057000 	C:\Windows\system32\IPHLPAPI.DLL
0x000007fefb0c0000 - 0x000007fefb0cb000 	C:\Windows\system32\WINNSI.DLL
0x000007fefaff0000 - 0x000007fefb001000 	C:\Windows\system32\dhcpcsvc6.DLL
0x000007fefafd0000 - 0x000007fefafe8000 	C:\Windows\system32\dhcpcsvc.DLL
0x000007fee0380000 - 0x000007fee03a7000 	C:\Program Files\Android\Android Studio1\jre\bin\sunec.dll
0x000007fefcaa0000 - 0x000007fefcaa7000 	C:\Windows\System32\wshtcpip.dll
0x000007fefcf00000 - 0x000007fefcf5b000 	C:\Windows\system32\DNSAPI.dll
0x000007fefa1a0000 - 0x000007fefa1a8000 	C:\Windows\system32\rasadhlp.dll
0x000007fefb060000 - 0x000007fefb0b3000 	C:\Windows\System32\fwpuclnt.dll
0x000007fefd730000 - 0x000007fefd787000 	C:\Windows\system32\apphelp.dll

dbghelp: loaded successfully - version: 4.0.5 - missing functions: none
symbol engine: initialized successfully - sym options: 0x614 - pdb path: .;C:\Program Files\Android\Android Studio1\jre\bin;C:\Windows\SYSTEM32;C:\Windows\WinSxS\amd64_microsoft.windows.common-controls_6595b64144ccf1df_6.0.7601.18837_none_fa3b1e3d17594757;C:\Program Files\Android\Android Studio1\jre\bin\server;D:\AKA_MOVIES\DropUp\gradle\native\8bec1ad78214c89d9ad589b4d07fe93259594b29d510b10fafb7a158f7737e5d\windows-amd64;D:\AKA_MOVIES\DropUp\gradle\native\53dbd7edfb1c66fb8903c78663c9afc45aea4f116125fa6feffd364cf09443e8\windows-amd64

VM Arguments:
jvm_args: --add-opens=java.base/java.util=ALL-UNNAMED --add-opens=java.base/java.lang=ALL-UNNAMED --add-opens=java.base/java.lang.invoke=ALL-UNNAMED --add-opens=java.base/java.util=ALL-UNNAMED --add-opens=java.prefs/java.util.prefs=ALL-UNNAMED --add-opens=java.prefs/java.util.prefs=ALL-UNNAMED --add-opens=java.base/java.nio.charset=ALL-UNNAMED --add-opens=java.base/java.net=ALL-UNNAMED --add-opens=java.base/java.util.concurrent.atomic=ALL-UNNAMED -Xmx2048m -Dfile.encoding=UTF-8 -Duser.country=IN -Duser.language=en -Duser.variant 
java_command: org.gradle.launcher.daemon.bootstrap.GradleDaemon 7.0.2
java_class_path (initial): D:\AKA_MOVIES\DropUp\gradle\wrapper\dists\gradle-7.0.2-bin\857tjihv64xamwrf0h14cai3r\gradle-7.0.2\lib\gradle-launcher-7.0.2.jar
Launcher Type: SUN_STANDARD

[Global flags]
     intx CICompilerCount                          = 2                                         {product} {ergonomic}
     uint ConcGCThreads                            = 1                                         {product} {ergonomic}
     uint G1ConcRefinementThreads                  = 2                                         {product} {ergonomic}
   size_t G1HeapRegionSize                         = 1048576                                   {product} {ergonomic}
    uintx GCDrainStackTargetSize                   = 64                                        {product} {ergonomic}
   size_t InitialHeapSize                          = 67108864                                  {product} {ergonomic}
   size_t MarkStackSize                            = 4194304                                   {product} {ergonomic}
   size_t MaxHeapSize                              = 2147483648                                {product} {command line}
   size_t MaxNewSize                               = 1287651328                                {product} {ergonomic}
   size_t MinHeapDeltaBytes                        = 1048576                                   {product} {ergonomic}
    uintx NonNMethodCodeHeapSize                   = 5825164                                {pd product} {ergonomic}
    uintx NonProfiledCodeHeapSize                  = 122916538                              {pd product} {ergonomic}
    uintx ProfiledCodeHeapSize                     = 122916538                              {pd product} {ergonomic}
    uintx ReservedCodeCacheSize                    = 251658240                              {pd product} {ergonomic}
     bool SegmentedCodeCache                       = true                                      {product} {ergonomic}
     bool UseCompressedClassPointers               = true                                 {lp64_product} {ergonomic}
     bool UseCompressedOops                        = true                                 {lp64_product} {ergonomic}
     bool UseG1GC                                  = true                                      {product} {ergonomic}
     bool UseLargePagesIndividualAllocation        = false                                  {pd product} {ergonomic}

Logging:
Log output configuration:
 #0: stdout all=warning uptime,level,tags
 #1: stderr all=off uptime,level,tags

Environment Variables:
JAVA_HOME=C:\Program Files (x86)\Java\jdk1.7.0_21
PATH=C:\ProgramData\Oracle\Java\javapath;C:\Program Files (x86)\Intel\iCLS Client\;C:\Program Files\Intel\iCLS Client\;C:\Windows\system32;C:\Windows;C:\Windows\System32\Wbem;C:\Windows\System32\WindowsPowerShell\v1.0\;C:\Program Files\Intel\Intel(R) Management Engine Components\DAL;C:\Program Files\Intel\Intel(R) Management Engine Components\IPT;C:\Program Files (x86)\Intel\Intel(R) Management Engine Components\DAL;C:\Program Files (x86)\Intel\Intel(R) Management Engine Components\IPT;C:\Program Files\Java\jdk-9.0.1\bin;C:\Program Files\Java\jre-9.0.1\bin;E:\python\python36;E:\nodejs\;C:\xampp\php;C:\ProgramData\ComposerSetup\bin;C:\Program Files\PuTTY\;E:\python\Scripts\;E:\python\;C:\Users\supriya\AppData\Roaming\npm;C:\Users\supriya\AppData\Roaming\Composer\vendor\bin
USERNAME=supriya
OS=Windows_NT
PROCESSOR_IDENTIFIER=Intel64 Family 6 Model 58 Stepping 9, GenuineIntel



---------------  S Y S T E M  ---------------

OS: Windows 7 , 64 bit Build 7601 (6.1.7601.23796)
OS uptime: 0 days 3:44 hours

CPU:total 2 (initial active 2) (2 cores per cpu, 1 threads per core) family 6 model 58 stepping 9 microcode 0x0, cmov, cx8, fxsr, mmx, sse, sse2, sse3, ssse3, sse4.1, sse4.2, popcnt, clmul, erms, tsc, tscinvbit, tscinv

Memory: 4k page, system-wide physical 3989M (130M free)
TotalPageFile size 8352M (AvailPageFile size 668M)
current process WorkingSet (physical memory assigned to process): 661M, peak: 667M
current process commit charge ("private bytes"): 789M, peak: 1463M

vm_info: OpenJDK 64-Bit Server VM (11.0.10+0-b96-7249189) for windows-amd64 JRE (11.0.10+0-b96-7249189), built on Mar 31 2021 21:44:00 by "builder" with MS VC++ 14.0 (VS2015)

END.
